ARM GAS  C:\Users\WENHUA~1\AppData\Local\Temp\cctbl3Ra.s 			page 1


   1              		.cpu cortex-m3
   2              		.arch armv7-m
   3              		.fpu softvfp
   4              		.eabi_attribute 20, 1
   5              		.eabi_attribute 21, 1
   6              		.eabi_attribute 23, 3
   7              		.eabi_attribute 24, 1
   8              		.eabi_attribute 25, 1
   9              		.eabi_attribute 26, 1
  10              		.eabi_attribute 30, 2
  11              		.eabi_attribute 34, 1
  12              		.eabi_attribute 18, 4
  13              		.file	"dma.c"
  14              		.text
  15              	.Ltext0:
  16              		.cfi_sections	.debug_frame
  17              		.section	.text.MX_DMA_Init,"ax",%progbits
  18              		.align	1
  19              		.p2align 2,,3
  20              		.global	MX_DMA_Init
  21              		.syntax unified
  22              		.thumb
  23              		.thumb_func
  25              	MX_DMA_Init:
  26              	.LFB65:
  27              		.file 1 "Core/Src/dma.c"
   1:Core/Src/dma.c **** /**
   2:Core/Src/dma.c ****   ******************************************************************************
   3:Core/Src/dma.c ****   * @file    dma.c
   4:Core/Src/dma.c ****   * @brief   This file provides code for the configuration
   5:Core/Src/dma.c ****   *          of all the requested memory to memory DMA transfers.
   6:Core/Src/dma.c ****   ******************************************************************************
   7:Core/Src/dma.c ****   * @attention
   8:Core/Src/dma.c ****   *
   9:Core/Src/dma.c ****   * <h2><center>&copy; Copyright (c) 2022 STMicroelectronics.
  10:Core/Src/dma.c ****   * All rights reserved.</center></h2>
  11:Core/Src/dma.c ****   *
  12:Core/Src/dma.c ****   * This software component is licensed by ST under BSD 3-Clause license,
  13:Core/Src/dma.c ****   * the "License"; You may not use this file except in compliance with the
  14:Core/Src/dma.c ****   * License. You may obtain a copy of the License at:
  15:Core/Src/dma.c ****   *                        opensource.org/licenses/BSD-3-Clause
  16:Core/Src/dma.c ****   *
  17:Core/Src/dma.c ****   ******************************************************************************
  18:Core/Src/dma.c ****   */
  19:Core/Src/dma.c **** 
  20:Core/Src/dma.c **** /* Includes ------------------------------------------------------------------*/
  21:Core/Src/dma.c **** #include "dma.h"
  22:Core/Src/dma.c **** 
  23:Core/Src/dma.c **** /* USER CODE BEGIN 0 */
  24:Core/Src/dma.c **** 
  25:Core/Src/dma.c **** /* USER CODE END 0 */
  26:Core/Src/dma.c **** 
  27:Core/Src/dma.c **** /*----------------------------------------------------------------------------*/
  28:Core/Src/dma.c **** /* Configure DMA                                                              */
  29:Core/Src/dma.c **** /*----------------------------------------------------------------------------*/
  30:Core/Src/dma.c **** 
  31:Core/Src/dma.c **** /* USER CODE BEGIN 1 */
ARM GAS  C:\Users\WENHUA~1\AppData\Local\Temp\cctbl3Ra.s 			page 2


  32:Core/Src/dma.c **** 
  33:Core/Src/dma.c **** /* USER CODE END 1 */
  34:Core/Src/dma.c **** 
  35:Core/Src/dma.c **** /**
  36:Core/Src/dma.c ****   * Enable DMA controller clock
  37:Core/Src/dma.c ****   */
  38:Core/Src/dma.c **** void MX_DMA_Init(void)
  39:Core/Src/dma.c **** {
  28              		.loc 1 39 1 view -0
  29              		.cfi_startproc
  30              		@ args = 0, pretend = 0, frame = 8
  31              		@ frame_needed = 0, uses_anonymous_args = 0
  32              		@ link register save eliminated.
  40:Core/Src/dma.c **** 
  41:Core/Src/dma.c ****   /* DMA controller clock enable */
  42:Core/Src/dma.c ****   __HAL_RCC_DMA1_CLK_ENABLE();
  33              		.loc 1 42 3 view .LVU1
  34              	.LBB2:
  35              		.loc 1 42 3 view .LVU2
  36              		.loc 1 42 3 view .LVU3
  37 0000 064B     		ldr	r3, .L4
  38              	.LBE2:
  39:Core/Src/dma.c **** 
  39              		.loc 1 39 1 is_stmt 0 view .LVU4
  40 0002 82B0     		sub	sp, sp, #8
  41              	.LCFI0:
  42              		.cfi_def_cfa_offset 8
  43              	.LBB3:
  44              		.loc 1 42 3 view .LVU5
  45 0004 5A69     		ldr	r2, [r3, #20]
  46 0006 42F00102 		orr	r2, r2, #1
  47 000a 5A61     		str	r2, [r3, #20]
  48              		.loc 1 42 3 is_stmt 1 view .LVU6
  49 000c 5B69     		ldr	r3, [r3, #20]
  50 000e 03F00103 		and	r3, r3, #1
  51 0012 0193     		str	r3, [sp, #4]
  52              		.loc 1 42 3 view .LVU7
  53 0014 019B     		ldr	r3, [sp, #4]
  54              	.LBE3:
  55              		.loc 1 42 3 view .LVU8
  43:Core/Src/dma.c **** 
  44:Core/Src/dma.c **** }
  56              		.loc 1 44 1 is_stmt 0 view .LVU9
  57 0016 02B0     		add	sp, sp, #8
  58              	.LCFI1:
  59              		.cfi_def_cfa_offset 0
  60              		@ sp needed
  61 0018 7047     		bx	lr
  62              	.L5:
  63 001a 00BF     		.align	2
  64              	.L4:
  65 001c 00100240 		.word	1073876992
  66              		.cfi_endproc
  67              	.LFE65:
  69              		.text
  70              	.Letext0:
  71              		.file 2 "d:\\program files (x86)\\gnu arm embedded toolchain\\10 2021.10\\arm-none-eabi\\include\\
ARM GAS  C:\Users\WENHUA~1\AppData\Local\Temp\cctbl3Ra.s 			page 3


  72              		.file 3 "d:\\program files (x86)\\gnu arm embedded toolchain\\10 2021.10\\arm-none-eabi\\include\\
  73              		.file 4 "Drivers/CMSIS/Device/ST/STM32F1xx/Include/stm32f103xb.h"
ARM GAS  C:\Users\WENHUA~1\AppData\Local\Temp\cctbl3Ra.s 			page 4


DEFINED SYMBOLS
                            *ABS*:00000000 dma.c
C:\Users\WENHUA~1\AppData\Local\Temp\cctbl3Ra.s:18     .text.MX_DMA_Init:00000000 $t
C:\Users\WENHUA~1\AppData\Local\Temp\cctbl3Ra.s:25     .text.MX_DMA_Init:00000000 MX_DMA_Init
C:\Users\WENHUA~1\AppData\Local\Temp\cctbl3Ra.s:65     .text.MX_DMA_Init:0000001c $d

NO UNDEFINED SYMBOLS
