ARM GAS  C:\Users\WENHUA~1\AppData\Local\Temp\ccz0uJLc.s 			page 1


   1              		.cpu cortex-m3
   2              		.arch armv7-m
   3              		.fpu softvfp
   4              		.eabi_attribute 20, 1
   5              		.eabi_attribute 21, 1
   6              		.eabi_attribute 23, 3
   7              		.eabi_attribute 24, 1
   8              		.eabi_attribute 25, 1
   9              		.eabi_attribute 26, 1
  10              		.eabi_attribute 30, 2
  11              		.eabi_attribute 34, 1
  12              		.eabi_attribute 18, 4
  13              		.file	"stm32f1xx_it.c"
  14              		.text
  15              	.Ltext0:
  16              		.cfi_sections	.debug_frame
  17              		.section	.text.NMI_Handler,"ax",%progbits
  18              		.align	1
  19              		.p2align 2,,3
  20              		.global	NMI_Handler
  21              		.syntax unified
  22              		.thumb
  23              		.thumb_func
  25              	NMI_Handler:
  26              	.LFB65:
  27              		.file 1 "Core/Src/stm32f1xx_it.c"
   1:Core/Src/stm32f1xx_it.c **** /* USER CODE BEGIN Header */
   2:Core/Src/stm32f1xx_it.c **** /**
   3:Core/Src/stm32f1xx_it.c ****   ******************************************************************************
   4:Core/Src/stm32f1xx_it.c ****   * @file    stm32f1xx_it.c
   5:Core/Src/stm32f1xx_it.c ****   * @brief   Interrupt Service Routines.
   6:Core/Src/stm32f1xx_it.c ****   ******************************************************************************
   7:Core/Src/stm32f1xx_it.c ****   *
   8:Core/Src/stm32f1xx_it.c ****   * COPYRIGHT(c) 2019 STMicroelectronics
   9:Core/Src/stm32f1xx_it.c ****   *
  10:Core/Src/stm32f1xx_it.c ****   * Redistribution and use in source and binary forms, with or without modification,
  11:Core/Src/stm32f1xx_it.c ****   * are permitted provided that the following conditions are met:
  12:Core/Src/stm32f1xx_it.c ****   *   1. Redistributions of source code must retain the above copyright notice,
  13:Core/Src/stm32f1xx_it.c ****   *      this list of conditions and the following disclaimer.
  14:Core/Src/stm32f1xx_it.c ****   *   2. Redistributions in binary form must reproduce the above copyright notice,
  15:Core/Src/stm32f1xx_it.c ****   *      this list of conditions and the following disclaimer in the documentation
  16:Core/Src/stm32f1xx_it.c ****   *      and/or other materials provided with the distribution.
  17:Core/Src/stm32f1xx_it.c ****   *   3. Neither the name of STMicroelectronics nor the names of its contributors
  18:Core/Src/stm32f1xx_it.c ****   *      may be used to endorse or promote products derived from this software
  19:Core/Src/stm32f1xx_it.c ****   *      without specific prior written permission.
  20:Core/Src/stm32f1xx_it.c ****   *
  21:Core/Src/stm32f1xx_it.c ****   * THIS SOFTWARE IS PROVIDED BY THE COPYRIGHT HOLDERS AND CONTRIBUTORS "AS IS"
  22:Core/Src/stm32f1xx_it.c ****   * AND ANY EXPRESS OR IMPLIED WARRANTIES, INCLUDING, BUT NOT LIMITED TO, THE
  23:Core/Src/stm32f1xx_it.c ****   * IMPLIED WARRANTIES OF MERCHANTABILITY AND FITNESS FOR A PARTICULAR PURPOSE ARE
  24:Core/Src/stm32f1xx_it.c ****   * DISCLAIMED. IN NO EVENT SHALL THE COPYRIGHT HOLDER OR CONTRIBUTORS BE LIABLE
  25:Core/Src/stm32f1xx_it.c ****   * FOR ANY DIRECT, INDIRECT, INCIDENTAL, SPECIAL, EXEMPLARY, OR CONSEQUENTIAL
  26:Core/Src/stm32f1xx_it.c ****   * DAMAGES (INCLUDING, BUT NOT LIMITED TO, PROCUREMENT OF SUBSTITUTE GOODS OR
  27:Core/Src/stm32f1xx_it.c ****   * SERVICES; LOSS OF USE, DATA, OR PROFITS; OR BUSINESS INTERRUPTION) HOWEVER
  28:Core/Src/stm32f1xx_it.c ****   * CAUSED AND ON ANY THEORY OF LIABILITY, WHETHER IN CONTRACT, STRICT LIABILITY,
  29:Core/Src/stm32f1xx_it.c ****   * OR TORT (INCLUDING NEGLIGENCE OR OTHERWISE) ARISING IN ANY WAY OUT OF THE USE
  30:Core/Src/stm32f1xx_it.c ****   * OF THIS SOFTWARE, EVEN IF ADVISED OF THE POSSIBILITY OF SUCH DAMAGE.
  31:Core/Src/stm32f1xx_it.c ****   *
ARM GAS  C:\Users\WENHUA~1\AppData\Local\Temp\ccz0uJLc.s 			page 2


  32:Core/Src/stm32f1xx_it.c ****   ******************************************************************************
  33:Core/Src/stm32f1xx_it.c ****   */
  34:Core/Src/stm32f1xx_it.c **** /* USER CODE END Header */
  35:Core/Src/stm32f1xx_it.c **** 
  36:Core/Src/stm32f1xx_it.c **** /* Includes ------------------------------------------------------------------*/
  37:Core/Src/stm32f1xx_it.c **** #include "main.h"
  38:Core/Src/stm32f1xx_it.c **** #include "stm32f1xx_it.h"
  39:Core/Src/stm32f1xx_it.c **** /* Private includes ----------------------------------------------------------*/
  40:Core/Src/stm32f1xx_it.c **** /* USER CODE BEGIN Includes */
  41:Core/Src/stm32f1xx_it.c **** #include "usart.h"
  42:Core/Src/stm32f1xx_it.c **** #include "type_define.h"
  43:Core/Src/stm32f1xx_it.c **** #include "HUB75D.h"
  44:Core/Src/stm32f1xx_it.c **** #include "time.h"
  45:Core/Src/stm32f1xx_it.c **** /* USER CODE END Includes */
  46:Core/Src/stm32f1xx_it.c **** 
  47:Core/Src/stm32f1xx_it.c **** /* Private typedef -----------------------------------------------------------*/
  48:Core/Src/stm32f1xx_it.c **** /* USER CODE BEGIN TD */
  49:Core/Src/stm32f1xx_it.c **** 
  50:Core/Src/stm32f1xx_it.c **** /* USER CODE END TD */
  51:Core/Src/stm32f1xx_it.c **** 
  52:Core/Src/stm32f1xx_it.c **** /* Private define ------------------------------------------------------------*/
  53:Core/Src/stm32f1xx_it.c **** /* USER CODE BEGIN PD */
  54:Core/Src/stm32f1xx_it.c **** 
  55:Core/Src/stm32f1xx_it.c **** /* USER CODE END PD */
  56:Core/Src/stm32f1xx_it.c **** 
  57:Core/Src/stm32f1xx_it.c **** /* Private macro -------------------------------------------------------------*/
  58:Core/Src/stm32f1xx_it.c **** /* USER CODE BEGIN PM */
  59:Core/Src/stm32f1xx_it.c **** 
  60:Core/Src/stm32f1xx_it.c **** /* USER CODE END PM */
  61:Core/Src/stm32f1xx_it.c **** 
  62:Core/Src/stm32f1xx_it.c **** /* Private variables ---------------------------------------------------------*/
  63:Core/Src/stm32f1xx_it.c **** /* USER CODE BEGIN PV */
  64:Core/Src/stm32f1xx_it.c **** 
  65:Core/Src/stm32f1xx_it.c **** /* USER CODE END PV */
  66:Core/Src/stm32f1xx_it.c **** 
  67:Core/Src/stm32f1xx_it.c **** /* Private function prototypes -----------------------------------------------*/
  68:Core/Src/stm32f1xx_it.c **** /* USER CODE BEGIN PFP */
  69:Core/Src/stm32f1xx_it.c **** 
  70:Core/Src/stm32f1xx_it.c **** /* USER CODE END PFP */
  71:Core/Src/stm32f1xx_it.c **** 
  72:Core/Src/stm32f1xx_it.c **** /* Private user code ---------------------------------------------------------*/
  73:Core/Src/stm32f1xx_it.c **** /* USER CODE BEGIN 0 */
  74:Core/Src/stm32f1xx_it.c **** 
  75:Core/Src/stm32f1xx_it.c **** /* USER CODE END 0 */
  76:Core/Src/stm32f1xx_it.c **** 
  77:Core/Src/stm32f1xx_it.c **** /* External variables --------------------------------------------------------*/
  78:Core/Src/stm32f1xx_it.c **** extern RTC_HandleTypeDef hrtc;
  79:Core/Src/stm32f1xx_it.c **** extern TIM_HandleTypeDef htim4;
  80:Core/Src/stm32f1xx_it.c **** extern DMA_HandleTypeDef hdma_usart1_rx;
  81:Core/Src/stm32f1xx_it.c **** extern DMA_HandleTypeDef hdma_usart1_tx;
  82:Core/Src/stm32f1xx_it.c **** extern UART_HandleTypeDef huart1;
  83:Core/Src/stm32f1xx_it.c **** /* USER CODE BEGIN EV */
  84:Core/Src/stm32f1xx_it.c **** 
  85:Core/Src/stm32f1xx_it.c **** /* USER CODE END EV */
  86:Core/Src/stm32f1xx_it.c **** 
  87:Core/Src/stm32f1xx_it.c **** /******************************************************************************/
  88:Core/Src/stm32f1xx_it.c **** /*           Cortex-M3 Processor Interruption and Exception Handlers          */
ARM GAS  C:\Users\WENHUA~1\AppData\Local\Temp\ccz0uJLc.s 			page 3


  89:Core/Src/stm32f1xx_it.c **** /******************************************************************************/
  90:Core/Src/stm32f1xx_it.c **** /**
  91:Core/Src/stm32f1xx_it.c ****   * @brief This function handles Non maskable interrupt.
  92:Core/Src/stm32f1xx_it.c ****   */
  93:Core/Src/stm32f1xx_it.c **** void NMI_Handler(void)
  94:Core/Src/stm32f1xx_it.c **** {
  28              		.loc 1 94 1 view -0
  29              		.cfi_startproc
  30              		@ args = 0, pretend = 0, frame = 0
  31              		@ frame_needed = 0, uses_anonymous_args = 0
  32              		@ link register save eliminated.
  95:Core/Src/stm32f1xx_it.c ****   /* USER CODE BEGIN NonMaskableInt_IRQn 0 */
  96:Core/Src/stm32f1xx_it.c **** 
  97:Core/Src/stm32f1xx_it.c ****   /* USER CODE END NonMaskableInt_IRQn 0 */
  98:Core/Src/stm32f1xx_it.c ****   /* USER CODE BEGIN NonMaskableInt_IRQn 1 */
  99:Core/Src/stm32f1xx_it.c **** 
 100:Core/Src/stm32f1xx_it.c ****   /* USER CODE END NonMaskableInt_IRQn 1 */
 101:Core/Src/stm32f1xx_it.c **** }
  33              		.loc 1 101 1 view .LVU1
  34 0000 7047     		bx	lr
  35              		.cfi_endproc
  36              	.LFE65:
  38 0002 00BF     		.section	.text.HardFault_Handler,"ax",%progbits
  39              		.align	1
  40              		.p2align 2,,3
  41              		.global	HardFault_Handler
  42              		.syntax unified
  43              		.thumb
  44              		.thumb_func
  46              	HardFault_Handler:
  47              	.LFB66:
 102:Core/Src/stm32f1xx_it.c **** 
 103:Core/Src/stm32f1xx_it.c **** /**
 104:Core/Src/stm32f1xx_it.c ****   * @brief This function handles Hard fault interrupt.
 105:Core/Src/stm32f1xx_it.c ****   */
 106:Core/Src/stm32f1xx_it.c **** void HardFault_Handler(void)
 107:Core/Src/stm32f1xx_it.c **** {
  48              		.loc 1 107 1 view -0
  49              		.cfi_startproc
  50              		@ Volatile: function does not return.
  51              		@ args = 0, pretend = 0, frame = 0
  52              		@ frame_needed = 0, uses_anonymous_args = 0
  53              		@ link register save eliminated.
  54              	.L4:
 108:Core/Src/stm32f1xx_it.c ****   /* USER CODE BEGIN HardFault_IRQn 0 */
 109:Core/Src/stm32f1xx_it.c **** 
 110:Core/Src/stm32f1xx_it.c ****   /* USER CODE END HardFault_IRQn 0 */
 111:Core/Src/stm32f1xx_it.c ****   while (1)
  55              		.loc 1 111 3 discriminator 1 view .LVU3
 112:Core/Src/stm32f1xx_it.c ****   {
 113:Core/Src/stm32f1xx_it.c ****     /* USER CODE BEGIN W1_HardFault_IRQn 0 */
 114:Core/Src/stm32f1xx_it.c ****     /* USER CODE END W1_HardFault_IRQn 0 */
 115:Core/Src/stm32f1xx_it.c ****   }
  56              		.loc 1 115 3 discriminator 1 view .LVU4
 111:Core/Src/stm32f1xx_it.c ****   {
  57              		.loc 1 111 9 discriminator 1 view .LVU5
  58 0000 FEE7     		b	.L4
ARM GAS  C:\Users\WENHUA~1\AppData\Local\Temp\ccz0uJLc.s 			page 4


  59              		.cfi_endproc
  60              	.LFE66:
  62 0002 00BF     		.section	.text.MemManage_Handler,"ax",%progbits
  63              		.align	1
  64              		.p2align 2,,3
  65              		.global	MemManage_Handler
  66              		.syntax unified
  67              		.thumb
  68              		.thumb_func
  70              	MemManage_Handler:
  71              	.LFB67:
 116:Core/Src/stm32f1xx_it.c **** }
 117:Core/Src/stm32f1xx_it.c **** 
 118:Core/Src/stm32f1xx_it.c **** /**
 119:Core/Src/stm32f1xx_it.c ****   * @brief This function handles Memory management fault.
 120:Core/Src/stm32f1xx_it.c ****   */
 121:Core/Src/stm32f1xx_it.c **** void MemManage_Handler(void)
 122:Core/Src/stm32f1xx_it.c **** {
  72              		.loc 1 122 1 view -0
  73              		.cfi_startproc
  74              		@ Volatile: function does not return.
  75              		@ args = 0, pretend = 0, frame = 0
  76              		@ frame_needed = 0, uses_anonymous_args = 0
  77              		@ link register save eliminated.
  78              	.L6:
 123:Core/Src/stm32f1xx_it.c ****   /* USER CODE BEGIN MemoryManagement_IRQn 0 */
 124:Core/Src/stm32f1xx_it.c **** 
 125:Core/Src/stm32f1xx_it.c ****   /* USER CODE END MemoryManagement_IRQn 0 */
 126:Core/Src/stm32f1xx_it.c ****   while (1)
  79              		.loc 1 126 3 discriminator 1 view .LVU7
 127:Core/Src/stm32f1xx_it.c ****   {
 128:Core/Src/stm32f1xx_it.c ****     /* USER CODE BEGIN W1_MemoryManagement_IRQn 0 */
 129:Core/Src/stm32f1xx_it.c ****     /* USER CODE END W1_MemoryManagement_IRQn 0 */
 130:Core/Src/stm32f1xx_it.c ****   }
  80              		.loc 1 130 3 discriminator 1 view .LVU8
 126:Core/Src/stm32f1xx_it.c ****   {
  81              		.loc 1 126 9 discriminator 1 view .LVU9
  82 0000 FEE7     		b	.L6
  83              		.cfi_endproc
  84              	.LFE67:
  86 0002 00BF     		.section	.text.BusFault_Handler,"ax",%progbits
  87              		.align	1
  88              		.p2align 2,,3
  89              		.global	BusFault_Handler
  90              		.syntax unified
  91              		.thumb
  92              		.thumb_func
  94              	BusFault_Handler:
  95              	.LFB68:
 131:Core/Src/stm32f1xx_it.c **** }
 132:Core/Src/stm32f1xx_it.c **** 
 133:Core/Src/stm32f1xx_it.c **** /**
 134:Core/Src/stm32f1xx_it.c ****   * @brief This function handles Prefetch fault, memory access fault.
 135:Core/Src/stm32f1xx_it.c ****   */
 136:Core/Src/stm32f1xx_it.c **** void BusFault_Handler(void)
 137:Core/Src/stm32f1xx_it.c **** {
  96              		.loc 1 137 1 view -0
ARM GAS  C:\Users\WENHUA~1\AppData\Local\Temp\ccz0uJLc.s 			page 5


  97              		.cfi_startproc
  98              		@ Volatile: function does not return.
  99              		@ args = 0, pretend = 0, frame = 0
 100              		@ frame_needed = 0, uses_anonymous_args = 0
 101              		@ link register save eliminated.
 102              	.L8:
 138:Core/Src/stm32f1xx_it.c ****   /* USER CODE BEGIN BusFault_IRQn 0 */
 139:Core/Src/stm32f1xx_it.c **** 
 140:Core/Src/stm32f1xx_it.c ****   /* USER CODE END BusFault_IRQn 0 */
 141:Core/Src/stm32f1xx_it.c ****   while (1)
 103              		.loc 1 141 3 discriminator 1 view .LVU11
 142:Core/Src/stm32f1xx_it.c ****   {
 143:Core/Src/stm32f1xx_it.c ****     /* USER CODE BEGIN W1_BusFault_IRQn 0 */
 144:Core/Src/stm32f1xx_it.c ****     /* USER CODE END W1_BusFault_IRQn 0 */
 145:Core/Src/stm32f1xx_it.c ****   }
 104              		.loc 1 145 3 discriminator 1 view .LVU12
 141:Core/Src/stm32f1xx_it.c ****   {
 105              		.loc 1 141 9 discriminator 1 view .LVU13
 106 0000 FEE7     		b	.L8
 107              		.cfi_endproc
 108              	.LFE68:
 110 0002 00BF     		.section	.text.UsageFault_Handler,"ax",%progbits
 111              		.align	1
 112              		.p2align 2,,3
 113              		.global	UsageFault_Handler
 114              		.syntax unified
 115              		.thumb
 116              		.thumb_func
 118              	UsageFault_Handler:
 119              	.LFB69:
 146:Core/Src/stm32f1xx_it.c **** }
 147:Core/Src/stm32f1xx_it.c **** 
 148:Core/Src/stm32f1xx_it.c **** /**
 149:Core/Src/stm32f1xx_it.c ****   * @brief This function handles Undefined instruction or illegal state.
 150:Core/Src/stm32f1xx_it.c ****   */
 151:Core/Src/stm32f1xx_it.c **** void UsageFault_Handler(void)
 152:Core/Src/stm32f1xx_it.c **** {
 120              		.loc 1 152 1 view -0
 121              		.cfi_startproc
 122              		@ Volatile: function does not return.
 123              		@ args = 0, pretend = 0, frame = 0
 124              		@ frame_needed = 0, uses_anonymous_args = 0
 125              		@ link register save eliminated.
 126              	.L10:
 153:Core/Src/stm32f1xx_it.c ****   /* USER CODE BEGIN UsageFault_IRQn 0 */
 154:Core/Src/stm32f1xx_it.c **** 
 155:Core/Src/stm32f1xx_it.c ****   /* USER CODE END UsageFault_IRQn 0 */
 156:Core/Src/stm32f1xx_it.c ****   while (1)
 127              		.loc 1 156 3 discriminator 1 view .LVU15
 157:Core/Src/stm32f1xx_it.c ****   {
 158:Core/Src/stm32f1xx_it.c ****     /* USER CODE BEGIN W1_UsageFault_IRQn 0 */
 159:Core/Src/stm32f1xx_it.c ****     /* USER CODE END W1_UsageFault_IRQn 0 */
 160:Core/Src/stm32f1xx_it.c ****   }
 128              		.loc 1 160 3 discriminator 1 view .LVU16
 156:Core/Src/stm32f1xx_it.c ****   {
 129              		.loc 1 156 9 discriminator 1 view .LVU17
 130 0000 FEE7     		b	.L10
ARM GAS  C:\Users\WENHUA~1\AppData\Local\Temp\ccz0uJLc.s 			page 6


 131              		.cfi_endproc
 132              	.LFE69:
 134 0002 00BF     		.section	.text.SVC_Handler,"ax",%progbits
 135              		.align	1
 136              		.p2align 2,,3
 137              		.global	SVC_Handler
 138              		.syntax unified
 139              		.thumb
 140              		.thumb_func
 142              	SVC_Handler:
 143              	.LFB81:
 144              		.cfi_startproc
 145              		@ args = 0, pretend = 0, frame = 0
 146              		@ frame_needed = 0, uses_anonymous_args = 0
 147              		@ link register save eliminated.
 148 0000 7047     		bx	lr
 149              		.cfi_endproc
 150              	.LFE81:
 152 0002 00BF     		.section	.text.DebugMon_Handler,"ax",%progbits
 153              		.align	1
 154              		.p2align 2,,3
 155              		.global	DebugMon_Handler
 156              		.syntax unified
 157              		.thumb
 158              		.thumb_func
 160              	DebugMon_Handler:
 161              	.LFB83:
 162              		.cfi_startproc
 163              		@ args = 0, pretend = 0, frame = 0
 164              		@ frame_needed = 0, uses_anonymous_args = 0
 165              		@ link register save eliminated.
 166 0000 7047     		bx	lr
 167              		.cfi_endproc
 168              	.LFE83:
 170 0002 00BF     		.section	.text.PendSV_Handler,"ax",%progbits
 171              		.align	1
 172              		.p2align 2,,3
 173              		.global	PendSV_Handler
 174              		.syntax unified
 175              		.thumb
 176              		.thumb_func
 178              	PendSV_Handler:
 179              	.LFB85:
 180              		.cfi_startproc
 181              		@ args = 0, pretend = 0, frame = 0
 182              		@ frame_needed = 0, uses_anonymous_args = 0
 183              		@ link register save eliminated.
 184 0000 7047     		bx	lr
 185              		.cfi_endproc
 186              	.LFE85:
 188 0002 00BF     		.section	.text.SysTick_Handler,"ax",%progbits
 189              		.align	1
 190              		.p2align 2,,3
 191              		.global	SysTick_Handler
 192              		.syntax unified
 193              		.thumb
 194              		.thumb_func
ARM GAS  C:\Users\WENHUA~1\AppData\Local\Temp\ccz0uJLc.s 			page 7


 196              	SysTick_Handler:
 197              	.LFB73:
 161:Core/Src/stm32f1xx_it.c **** }
 162:Core/Src/stm32f1xx_it.c **** 
 163:Core/Src/stm32f1xx_it.c **** /**
 164:Core/Src/stm32f1xx_it.c ****   * @brief This function handles System service call via SWI instruction.
 165:Core/Src/stm32f1xx_it.c ****   */
 166:Core/Src/stm32f1xx_it.c **** void SVC_Handler(void)
 167:Core/Src/stm32f1xx_it.c **** {
 168:Core/Src/stm32f1xx_it.c ****   /* USER CODE BEGIN SVCall_IRQn 0 */
 169:Core/Src/stm32f1xx_it.c **** 
 170:Core/Src/stm32f1xx_it.c ****   /* USER CODE END SVCall_IRQn 0 */
 171:Core/Src/stm32f1xx_it.c ****   /* USER CODE BEGIN SVCall_IRQn 1 */
 172:Core/Src/stm32f1xx_it.c **** 
 173:Core/Src/stm32f1xx_it.c ****   /* USER CODE END SVCall_IRQn 1 */
 174:Core/Src/stm32f1xx_it.c **** }
 175:Core/Src/stm32f1xx_it.c **** 
 176:Core/Src/stm32f1xx_it.c **** /**
 177:Core/Src/stm32f1xx_it.c ****   * @brief This function handles Debug monitor.
 178:Core/Src/stm32f1xx_it.c ****   */
 179:Core/Src/stm32f1xx_it.c **** void DebugMon_Handler(void)
 180:Core/Src/stm32f1xx_it.c **** {
 181:Core/Src/stm32f1xx_it.c ****   /* USER CODE BEGIN DebugMonitor_IRQn 0 */
 182:Core/Src/stm32f1xx_it.c **** 
 183:Core/Src/stm32f1xx_it.c ****   /* USER CODE END DebugMonitor_IRQn 0 */
 184:Core/Src/stm32f1xx_it.c ****   /* USER CODE BEGIN DebugMonitor_IRQn 1 */
 185:Core/Src/stm32f1xx_it.c **** 
 186:Core/Src/stm32f1xx_it.c ****   /* USER CODE END DebugMonitor_IRQn 1 */
 187:Core/Src/stm32f1xx_it.c **** }
 188:Core/Src/stm32f1xx_it.c **** 
 189:Core/Src/stm32f1xx_it.c **** /**
 190:Core/Src/stm32f1xx_it.c ****   * @brief This function handles Pendable request for system service.
 191:Core/Src/stm32f1xx_it.c ****   */
 192:Core/Src/stm32f1xx_it.c **** void PendSV_Handler(void)
 193:Core/Src/stm32f1xx_it.c **** {
 194:Core/Src/stm32f1xx_it.c ****   /* USER CODE BEGIN PendSV_IRQn 0 */
 195:Core/Src/stm32f1xx_it.c **** 
 196:Core/Src/stm32f1xx_it.c ****   /* USER CODE END PendSV_IRQn 0 */
 197:Core/Src/stm32f1xx_it.c ****   /* USER CODE BEGIN PendSV_IRQn 1 */
 198:Core/Src/stm32f1xx_it.c **** 
 199:Core/Src/stm32f1xx_it.c ****   /* USER CODE END PendSV_IRQn 1 */
 200:Core/Src/stm32f1xx_it.c **** }
 201:Core/Src/stm32f1xx_it.c **** 
 202:Core/Src/stm32f1xx_it.c **** /**
 203:Core/Src/stm32f1xx_it.c ****   * @brief This function handles System tick timer.
 204:Core/Src/stm32f1xx_it.c ****   */
 205:Core/Src/stm32f1xx_it.c **** void SysTick_Handler(void)
 206:Core/Src/stm32f1xx_it.c **** {
 198              		.loc 1 206 1 view -0
 199              		.cfi_startproc
 200              		@ args = 0, pretend = 0, frame = 0
 201              		@ frame_needed = 0, uses_anonymous_args = 0
 202              		@ link register save eliminated.
 207:Core/Src/stm32f1xx_it.c ****   /* USER CODE BEGIN SysTick_IRQn 0 */
 208:Core/Src/stm32f1xx_it.c **** 
 209:Core/Src/stm32f1xx_it.c ****   /* USER CODE END SysTick_IRQn 0 */
 210:Core/Src/stm32f1xx_it.c ****   HAL_IncTick();
ARM GAS  C:\Users\WENHUA~1\AppData\Local\Temp\ccz0uJLc.s 			page 8


 203              		.loc 1 210 3 view .LVU19
 204 0000 FFF7FEBF 		b	HAL_IncTick
 205              	.LVL0:
 206              		.cfi_endproc
 207              	.LFE73:
 209              		.section	.text.RTC_IRQHandler,"ax",%progbits
 210              		.align	1
 211              		.p2align 2,,3
 212              		.global	RTC_IRQHandler
 213              		.syntax unified
 214              		.thumb
 215              		.thumb_func
 217              	RTC_IRQHandler:
 218              	.LFB74:
 211:Core/Src/stm32f1xx_it.c ****   /* USER CODE BEGIN SysTick_IRQn 1 */
 212:Core/Src/stm32f1xx_it.c **** 
 213:Core/Src/stm32f1xx_it.c ****   /* USER CODE END SysTick_IRQn 1 */
 214:Core/Src/stm32f1xx_it.c **** }
 215:Core/Src/stm32f1xx_it.c **** 
 216:Core/Src/stm32f1xx_it.c **** /******************************************************************************/
 217:Core/Src/stm32f1xx_it.c **** /* STM32F1xx Peripheral Interrupt Handlers                                    */
 218:Core/Src/stm32f1xx_it.c **** /* Add here the Interrupt Handlers for the used peripherals.                  */
 219:Core/Src/stm32f1xx_it.c **** /* For the available peripheral interrupt handler names,                      */
 220:Core/Src/stm32f1xx_it.c **** /* please refer to the startup file (startup_stm32f1xx.s).                    */
 221:Core/Src/stm32f1xx_it.c **** /******************************************************************************/
 222:Core/Src/stm32f1xx_it.c **** 
 223:Core/Src/stm32f1xx_it.c **** /**
 224:Core/Src/stm32f1xx_it.c ****   * @brief This function handles RTC global interrupt.
 225:Core/Src/stm32f1xx_it.c ****   */
 226:Core/Src/stm32f1xx_it.c **** void RTC_IRQHandler(void)
 227:Core/Src/stm32f1xx_it.c **** {
 219              		.loc 1 227 1 view -0
 220              		.cfi_startproc
 221              		@ args = 0, pretend = 0, frame = 0
 222              		@ frame_needed = 0, uses_anonymous_args = 0
 228:Core/Src/stm32f1xx_it.c ****   /* USER CODE BEGIN RTC_IRQn 0 */
 229:Core/Src/stm32f1xx_it.c **** 
 230:Core/Src/stm32f1xx_it.c ****   /* USER CODE END RTC_IRQn 0 */
 231:Core/Src/stm32f1xx_it.c ****   HAL_RTCEx_RTCIRQHandler(&hrtc);
 223              		.loc 1 231 3 view .LVU21
 227:Core/Src/stm32f1xx_it.c ****   /* USER CODE BEGIN RTC_IRQn 0 */
 224              		.loc 1 227 1 is_stmt 0 view .LVU22
 225 0000 08B5     		push	{r3, lr}
 226              	.LCFI0:
 227              		.cfi_def_cfa_offset 8
 228              		.cfi_offset 3, -8
 229              		.cfi_offset 14, -4
 230              		.loc 1 231 3 view .LVU23
 231 0002 0648     		ldr	r0, .L17
 232 0004 FFF7FEFF 		bl	HAL_RTCEx_RTCIRQHandler
 233              	.LVL1:
 232:Core/Src/stm32f1xx_it.c ****   /* USER CODE BEGIN RTC_IRQn 1 */
 233:Core/Src/stm32f1xx_it.c ****   HAL_GPIO_TogglePin(GPIOB, GPIO_PIN_12);
 234              		.loc 1 233 3 is_stmt 1 view .LVU24
 235 0008 0548     		ldr	r0, .L17+4
 236 000a 4FF48051 		mov	r1, #4096
 237 000e FFF7FEFF 		bl	HAL_GPIO_TogglePin
ARM GAS  C:\Users\WENHUA~1\AppData\Local\Temp\ccz0uJLc.s 			page 9


 238              	.LVL2:
 234:Core/Src/stm32f1xx_it.c ****   Set1sFlag(true);
 239              		.loc 1 234 3 view .LVU25
 235:Core/Src/stm32f1xx_it.c ****   /* USER CODE END RTC_IRQn 1 */
 236:Core/Src/stm32f1xx_it.c **** }
 240              		.loc 1 236 1 is_stmt 0 view .LVU26
 241 0012 BDE80840 		pop	{r3, lr}
 242              	.LCFI1:
 243              		.cfi_restore 14
 244              		.cfi_restore 3
 245              		.cfi_def_cfa_offset 0
 234:Core/Src/stm32f1xx_it.c ****   Set1sFlag(true);
 246              		.loc 1 234 3 view .LVU27
 247 0016 0120     		movs	r0, #1
 248 0018 FFF7FEBF 		b	Set1sFlag
 249              	.LVL3:
 250              	.L18:
 251              		.align	2
 252              	.L17:
 253 001c 00000000 		.word	hrtc
 254 0020 000C0140 		.word	1073810432
 255              		.cfi_endproc
 256              	.LFE74:
 258              		.section	.text.EXTI0_IRQHandler,"ax",%progbits
 259              		.align	1
 260              		.p2align 2,,3
 261              		.global	EXTI0_IRQHandler
 262              		.syntax unified
 263              		.thumb
 264              		.thumb_func
 266              	EXTI0_IRQHandler:
 267              	.LFB75:
 237:Core/Src/stm32f1xx_it.c **** 
 238:Core/Src/stm32f1xx_it.c **** /**
 239:Core/Src/stm32f1xx_it.c ****   * @brief This function handles EXTI line0 interrupt.
 240:Core/Src/stm32f1xx_it.c ****   */
 241:Core/Src/stm32f1xx_it.c **** void EXTI0_IRQHandler(void)
 242:Core/Src/stm32f1xx_it.c **** {
 268              		.loc 1 242 1 is_stmt 1 view -0
 269              		.cfi_startproc
 270              		@ args = 0, pretend = 0, frame = 0
 271              		@ frame_needed = 0, uses_anonymous_args = 0
 272              		@ link register save eliminated.
 243:Core/Src/stm32f1xx_it.c ****   /* USER CODE BEGIN EXTI0_IRQn 0 */
 244:Core/Src/stm32f1xx_it.c **** 
 245:Core/Src/stm32f1xx_it.c ****   /* USER CODE END EXTI0_IRQn 0 */
 246:Core/Src/stm32f1xx_it.c ****   HAL_GPIO_EXTI_IRQHandler(GPIO_PIN_0);
 273              		.loc 1 246 3 view .LVU29
 274 0000 0120     		movs	r0, #1
 275 0002 FFF7FEBF 		b	HAL_GPIO_EXTI_IRQHandler
 276              	.LVL4:
 277              		.cfi_endproc
 278              	.LFE75:
 280 0006 00BF     		.section	.text.DMA1_Channel4_IRQHandler,"ax",%progbits
 281              		.align	1
 282              		.p2align 2,,3
 283              		.global	DMA1_Channel4_IRQHandler
ARM GAS  C:\Users\WENHUA~1\AppData\Local\Temp\ccz0uJLc.s 			page 10


 284              		.syntax unified
 285              		.thumb
 286              		.thumb_func
 288              	DMA1_Channel4_IRQHandler:
 289              	.LFB76:
 247:Core/Src/stm32f1xx_it.c ****   /* USER CODE BEGIN EXTI0_IRQn 1 */
 248:Core/Src/stm32f1xx_it.c **** 
 249:Core/Src/stm32f1xx_it.c ****   /* USER CODE END EXTI0_IRQn 1 */
 250:Core/Src/stm32f1xx_it.c **** }
 251:Core/Src/stm32f1xx_it.c **** 
 252:Core/Src/stm32f1xx_it.c **** /**
 253:Core/Src/stm32f1xx_it.c ****   * @brief This function handles DMA1 channel4 global interrupt.
 254:Core/Src/stm32f1xx_it.c ****   */
 255:Core/Src/stm32f1xx_it.c **** void DMA1_Channel4_IRQHandler(void)
 256:Core/Src/stm32f1xx_it.c **** {
 290              		.loc 1 256 1 view -0
 291              		.cfi_startproc
 292              		@ args = 0, pretend = 0, frame = 0
 293              		@ frame_needed = 0, uses_anonymous_args = 0
 294              		@ link register save eliminated.
 257:Core/Src/stm32f1xx_it.c ****   /* USER CODE BEGIN DMA1_Channel4_IRQn 0 */
 258:Core/Src/stm32f1xx_it.c **** 
 259:Core/Src/stm32f1xx_it.c ****   /* USER CODE END DMA1_Channel4_IRQn 0 */
 260:Core/Src/stm32f1xx_it.c ****   HAL_DMA_IRQHandler(&hdma_usart1_tx);
 295              		.loc 1 260 3 view .LVU31
 296 0000 0148     		ldr	r0, .L21
 297 0002 FFF7FEBF 		b	HAL_DMA_IRQHandler
 298              	.LVL5:
 299              	.L22:
 300 0006 00BF     		.align	2
 301              	.L21:
 302 0008 00000000 		.word	hdma_usart1_tx
 303              		.cfi_endproc
 304              	.LFE76:
 306              		.section	.text.DMA1_Channel5_IRQHandler,"ax",%progbits
 307              		.align	1
 308              		.p2align 2,,3
 309              		.global	DMA1_Channel5_IRQHandler
 310              		.syntax unified
 311              		.thumb
 312              		.thumb_func
 314              	DMA1_Channel5_IRQHandler:
 315              	.LFB77:
 261:Core/Src/stm32f1xx_it.c ****   /* USER CODE BEGIN DMA1_Channel4_IRQn 1 */
 262:Core/Src/stm32f1xx_it.c **** 
 263:Core/Src/stm32f1xx_it.c ****   /* USER CODE END DMA1_Channel4_IRQn 1 */
 264:Core/Src/stm32f1xx_it.c **** }
 265:Core/Src/stm32f1xx_it.c **** 
 266:Core/Src/stm32f1xx_it.c **** /**
 267:Core/Src/stm32f1xx_it.c ****   * @brief This function handles DMA1 channel5 global interrupt.
 268:Core/Src/stm32f1xx_it.c ****   */
 269:Core/Src/stm32f1xx_it.c **** void DMA1_Channel5_IRQHandler(void)
 270:Core/Src/stm32f1xx_it.c **** {
 316              		.loc 1 270 1 view -0
 317              		.cfi_startproc
 318              		@ args = 0, pretend = 0, frame = 0
 319              		@ frame_needed = 0, uses_anonymous_args = 0
ARM GAS  C:\Users\WENHUA~1\AppData\Local\Temp\ccz0uJLc.s 			page 11


 320              		@ link register save eliminated.
 271:Core/Src/stm32f1xx_it.c ****   /* USER CODE BEGIN DMA1_Channel5_IRQn 0 */
 272:Core/Src/stm32f1xx_it.c **** 
 273:Core/Src/stm32f1xx_it.c ****   /* USER CODE END DMA1_Channel5_IRQn 0 */
 274:Core/Src/stm32f1xx_it.c ****   HAL_DMA_IRQHandler(&hdma_usart1_rx);
 321              		.loc 1 274 3 view .LVU33
 322 0000 0148     		ldr	r0, .L24
 323 0002 FFF7FEBF 		b	HAL_DMA_IRQHandler
 324              	.LVL6:
 325              	.L25:
 326 0006 00BF     		.align	2
 327              	.L24:
 328 0008 00000000 		.word	hdma_usart1_rx
 329              		.cfi_endproc
 330              	.LFE77:
 332              		.section	.text.TIM4_IRQHandler,"ax",%progbits
 333              		.align	1
 334              		.p2align 2,,3
 335              		.global	TIM4_IRQHandler
 336              		.syntax unified
 337              		.thumb
 338              		.thumb_func
 340              	TIM4_IRQHandler:
 341              	.LFB78:
 275:Core/Src/stm32f1xx_it.c ****   /* USER CODE BEGIN DMA1_Channel5_IRQn 1 */
 276:Core/Src/stm32f1xx_it.c **** 
 277:Core/Src/stm32f1xx_it.c ****   /* USER CODE END DMA1_Channel5_IRQn 1 */
 278:Core/Src/stm32f1xx_it.c **** }
 279:Core/Src/stm32f1xx_it.c **** 
 280:Core/Src/stm32f1xx_it.c **** /**
 281:Core/Src/stm32f1xx_it.c ****   * @brief This function handles TIM4 global interrupt.
 282:Core/Src/stm32f1xx_it.c ****   */
 283:Core/Src/stm32f1xx_it.c **** void TIM4_IRQHandler(void)
 284:Core/Src/stm32f1xx_it.c **** {
 342              		.loc 1 284 1 view -0
 343              		.cfi_startproc
 344              		@ args = 0, pretend = 0, frame = 0
 345              		@ frame_needed = 0, uses_anonymous_args = 0
 285:Core/Src/stm32f1xx_it.c ****   /* USER CODE BEGIN TIM4_IRQn 0 */
 286:Core/Src/stm32f1xx_it.c **** 
 287:Core/Src/stm32f1xx_it.c ****   /* USER CODE END TIM4_IRQn 0 */
 288:Core/Src/stm32f1xx_it.c ****   HAL_TIM_IRQHandler(&htim4);
 346              		.loc 1 288 3 view .LVU35
 284:Core/Src/stm32f1xx_it.c ****   /* USER CODE BEGIN TIM4_IRQn 0 */
 347              		.loc 1 284 1 is_stmt 0 view .LVU36
 348 0000 08B5     		push	{r3, lr}
 349              	.LCFI2:
 350              		.cfi_def_cfa_offset 8
 351              		.cfi_offset 3, -8
 352              		.cfi_offset 14, -4
 353              		.loc 1 288 3 view .LVU37
 354 0002 0348     		ldr	r0, .L28
 355 0004 FFF7FEFF 		bl	HAL_TIM_IRQHandler
 356              	.LVL7:
 289:Core/Src/stm32f1xx_it.c ****   /* USER CODE BEGIN TIM4_IRQn 1 */
 290:Core/Src/stm32f1xx_it.c ****   HUB75D_DispScan();
 357              		.loc 1 290 3 is_stmt 1 view .LVU38
ARM GAS  C:\Users\WENHUA~1\AppData\Local\Temp\ccz0uJLc.s 			page 12


 291:Core/Src/stm32f1xx_it.c ****   /* USER CODE END TIM4_IRQn 1 */
 292:Core/Src/stm32f1xx_it.c **** }
 358              		.loc 1 292 1 is_stmt 0 view .LVU39
 359 0008 BDE80840 		pop	{r3, lr}
 360              	.LCFI3:
 361              		.cfi_restore 14
 362              		.cfi_restore 3
 363              		.cfi_def_cfa_offset 0
 290:Core/Src/stm32f1xx_it.c ****   /* USER CODE END TIM4_IRQn 1 */
 364              		.loc 1 290 3 view .LVU40
 365 000c FFF7FEBF 		b	HUB75D_DispScan
 366              	.LVL8:
 367              	.L29:
 368              		.align	2
 369              	.L28:
 370 0010 00000000 		.word	htim4
 371              		.cfi_endproc
 372              	.LFE78:
 374              		.section	.text.USART1_IRQHandler,"ax",%progbits
 375              		.align	1
 376              		.p2align 2,,3
 377              		.global	USART1_IRQHandler
 378              		.syntax unified
 379              		.thumb
 380              		.thumb_func
 382              	USART1_IRQHandler:
 383              	.LFB79:
 293:Core/Src/stm32f1xx_it.c **** 
 294:Core/Src/stm32f1xx_it.c **** /**
 295:Core/Src/stm32f1xx_it.c ****   * @brief This function handles USART1 global interrupt.
 296:Core/Src/stm32f1xx_it.c ****   */
 297:Core/Src/stm32f1xx_it.c **** void USART1_IRQHandler(void)
 298:Core/Src/stm32f1xx_it.c **** {
 384              		.loc 1 298 1 is_stmt 1 view -0
 385              		.cfi_startproc
 386              		@ args = 0, pretend = 0, frame = 0
 387              		@ frame_needed = 0, uses_anonymous_args = 0
 299:Core/Src/stm32f1xx_it.c ****   /* USER CODE BEGIN USART1_IRQn 0 */
 300:Core/Src/stm32f1xx_it.c ****   UsartReceive_IDLE(&huart1);
 388              		.loc 1 300 3 view .LVU42
 298:Core/Src/stm32f1xx_it.c ****   /* USER CODE BEGIN USART1_IRQn 0 */
 389              		.loc 1 298 1 is_stmt 0 view .LVU43
 390 0000 10B5     		push	{r4, lr}
 391              	.LCFI4:
 392              		.cfi_def_cfa_offset 8
 393              		.cfi_offset 4, -8
 394              		.cfi_offset 14, -4
 395              		.loc 1 300 3 view .LVU44
 396 0002 044C     		ldr	r4, .L32
 397 0004 2046     		mov	r0, r4
 398 0006 FFF7FEFF 		bl	UsartReceive_IDLE
 399              	.LVL9:
 301:Core/Src/stm32f1xx_it.c ****   /* USER CODE END USART1_IRQn 0 */
 302:Core/Src/stm32f1xx_it.c ****   HAL_UART_IRQHandler(&huart1);
 400              		.loc 1 302 3 is_stmt 1 view .LVU45
 401 000a 2046     		mov	r0, r4
 303:Core/Src/stm32f1xx_it.c ****   /* USER CODE BEGIN USART1_IRQn 1 */
ARM GAS  C:\Users\WENHUA~1\AppData\Local\Temp\ccz0uJLc.s 			page 13


 304:Core/Src/stm32f1xx_it.c **** 
 305:Core/Src/stm32f1xx_it.c ****   /* USER CODE END USART1_IRQn 1 */
 306:Core/Src/stm32f1xx_it.c **** }
 402              		.loc 1 306 1 is_stmt 0 view .LVU46
 403 000c BDE81040 		pop	{r4, lr}
 404              	.LCFI5:
 405              		.cfi_restore 14
 406              		.cfi_restore 4
 407              		.cfi_def_cfa_offset 0
 302:Core/Src/stm32f1xx_it.c ****   /* USER CODE BEGIN USART1_IRQn 1 */
 408              		.loc 1 302 3 view .LVU47
 409 0010 FFF7FEBF 		b	HAL_UART_IRQHandler
 410              	.LVL10:
 411              	.L33:
 412              		.align	2
 413              	.L32:
 414 0014 00000000 		.word	huart1
 415              		.cfi_endproc
 416              	.LFE79:
 418              		.text
 419              	.Letext0:
 420              		.file 2 "d:\\program files (x86)\\gnu arm embedded toolchain\\10 2021.10\\arm-none-eabi\\include\\
 421              		.file 3 "d:\\program files (x86)\\gnu arm embedded toolchain\\10 2021.10\\arm-none-eabi\\include\\
 422              		.file 4 "Drivers/CMSIS/Device/ST/STM32F1xx/Include/stm32f103xb.h"
 423              		.file 5 "Drivers/STM32F1xx_HAL_Driver/Inc/stm32f1xx_hal_def.h"
 424              		.file 6 "Drivers/STM32F1xx_HAL_Driver/Inc/stm32f1xx_hal_dma.h"
 425              		.file 7 "Drivers/STM32F1xx_HAL_Driver/Inc/stm32f1xx_hal_rtc.h"
 426              		.file 8 "Drivers/STM32F1xx_HAL_Driver/Inc/stm32f1xx_hal_tim.h"
 427              		.file 9 "Drivers/STM32F1xx_HAL_Driver/Inc/stm32f1xx_hal_uart.h"
 428              		.file 10 "Core/Inc/usart.h"
 429              		.file 11 "user/inc/HUB75D.h"
 430              		.file 12 "Drivers/STM32F1xx_HAL_Driver/Inc/stm32f1xx_hal_gpio.h"
 431              		.file 13 "Drivers/STM32F1xx_HAL_Driver/Inc/stm32f1xx_hal_rtc_ex.h"
 432              		.file 14 "user/inc/time.h"
 433              		.file 15 "Drivers/STM32F1xx_HAL_Driver/Inc/stm32f1xx_hal.h"
ARM GAS  C:\Users\WENHUA~1\AppData\Local\Temp\ccz0uJLc.s 			page 14


DEFINED SYMBOLS
                            *ABS*:00000000 stm32f1xx_it.c
C:\Users\WENHUA~1\AppData\Local\Temp\ccz0uJLc.s:18     .text.NMI_Handler:00000000 $t
C:\Users\WENHUA~1\AppData\Local\Temp\ccz0uJLc.s:25     .text.NMI_Handler:00000000 NMI_Handler
C:\Users\WENHUA~1\AppData\Local\Temp\ccz0uJLc.s:39     .text.HardFault_Handler:00000000 $t
C:\Users\WENHUA~1\AppData\Local\Temp\ccz0uJLc.s:46     .text.HardFault_Handler:00000000 HardFault_Handler
C:\Users\WENHUA~1\AppData\Local\Temp\ccz0uJLc.s:63     .text.MemManage_Handler:00000000 $t
C:\Users\WENHUA~1\AppData\Local\Temp\ccz0uJLc.s:70     .text.MemManage_Handler:00000000 MemManage_Handler
C:\Users\WENHUA~1\AppData\Local\Temp\ccz0uJLc.s:87     .text.BusFault_Handler:00000000 $t
C:\Users\WENHUA~1\AppData\Local\Temp\ccz0uJLc.s:94     .text.BusFault_Handler:00000000 BusFault_Handler
C:\Users\WENHUA~1\AppData\Local\Temp\ccz0uJLc.s:111    .text.UsageFault_Handler:00000000 $t
C:\Users\WENHUA~1\AppData\Local\Temp\ccz0uJLc.s:118    .text.UsageFault_Handler:00000000 UsageFault_Handler
C:\Users\WENHUA~1\AppData\Local\Temp\ccz0uJLc.s:135    .text.SVC_Handler:00000000 $t
C:\Users\WENHUA~1\AppData\Local\Temp\ccz0uJLc.s:142    .text.SVC_Handler:00000000 SVC_Handler
C:\Users\WENHUA~1\AppData\Local\Temp\ccz0uJLc.s:153    .text.DebugMon_Handler:00000000 $t
C:\Users\WENHUA~1\AppData\Local\Temp\ccz0uJLc.s:160    .text.DebugMon_Handler:00000000 DebugMon_Handler
C:\Users\WENHUA~1\AppData\Local\Temp\ccz0uJLc.s:171    .text.PendSV_Handler:00000000 $t
C:\Users\WENHUA~1\AppData\Local\Temp\ccz0uJLc.s:178    .text.PendSV_Handler:00000000 PendSV_Handler
C:\Users\WENHUA~1\AppData\Local\Temp\ccz0uJLc.s:189    .text.SysTick_Handler:00000000 $t
C:\Users\WENHUA~1\AppData\Local\Temp\ccz0uJLc.s:196    .text.SysTick_Handler:00000000 SysTick_Handler
C:\Users\WENHUA~1\AppData\Local\Temp\ccz0uJLc.s:210    .text.RTC_IRQHandler:00000000 $t
C:\Users\WENHUA~1\AppData\Local\Temp\ccz0uJLc.s:217    .text.RTC_IRQHandler:00000000 RTC_IRQHandler
C:\Users\WENHUA~1\AppData\Local\Temp\ccz0uJLc.s:253    .text.RTC_IRQHandler:0000001c $d
C:\Users\WENHUA~1\AppData\Local\Temp\ccz0uJLc.s:259    .text.EXTI0_IRQHandler:00000000 $t
C:\Users\WENHUA~1\AppData\Local\Temp\ccz0uJLc.s:266    .text.EXTI0_IRQHandler:00000000 EXTI0_IRQHandler
C:\Users\WENHUA~1\AppData\Local\Temp\ccz0uJLc.s:281    .text.DMA1_Channel4_IRQHandler:00000000 $t
C:\Users\WENHUA~1\AppData\Local\Temp\ccz0uJLc.s:288    .text.DMA1_Channel4_IRQHandler:00000000 DMA1_Channel4_IRQHandler
C:\Users\WENHUA~1\AppData\Local\Temp\ccz0uJLc.s:302    .text.DMA1_Channel4_IRQHandler:00000008 $d
C:\Users\WENHUA~1\AppData\Local\Temp\ccz0uJLc.s:307    .text.DMA1_Channel5_IRQHandler:00000000 $t
C:\Users\WENHUA~1\AppData\Local\Temp\ccz0uJLc.s:314    .text.DMA1_Channel5_IRQHandler:00000000 DMA1_Channel5_IRQHandler
C:\Users\WENHUA~1\AppData\Local\Temp\ccz0uJLc.s:328    .text.DMA1_Channel5_IRQHandler:00000008 $d
C:\Users\WENHUA~1\AppData\Local\Temp\ccz0uJLc.s:333    .text.TIM4_IRQHandler:00000000 $t
C:\Users\WENHUA~1\AppData\Local\Temp\ccz0uJLc.s:340    .text.TIM4_IRQHandler:00000000 TIM4_IRQHandler
C:\Users\WENHUA~1\AppData\Local\Temp\ccz0uJLc.s:370    .text.TIM4_IRQHandler:00000010 $d
C:\Users\WENHUA~1\AppData\Local\Temp\ccz0uJLc.s:375    .text.USART1_IRQHandler:00000000 $t
C:\Users\WENHUA~1\AppData\Local\Temp\ccz0uJLc.s:382    .text.USART1_IRQHandler:00000000 USART1_IRQHandler
C:\Users\WENHUA~1\AppData\Local\Temp\ccz0uJLc.s:414    .text.USART1_IRQHandler:00000014 $d

UNDEFINED SYMBOLS
HAL_IncTick
HAL_RTCEx_RTCIRQHandler
HAL_GPIO_TogglePin
Set1sFlag
hrtc
HAL_GPIO_EXTI_IRQHandler
HAL_DMA_IRQHandler
hdma_usart1_tx
hdma_usart1_rx
HAL_TIM_IRQHandler
HUB75D_DispScan
htim4
UsartReceive_IDLE
HAL_UART_IRQHandler
huart1
