ARM GAS  C:\Users\WENHUA~1\AppData\Local\Temp\ccs8Uwke.s 			page 1


   1              		.cpu cortex-m3
   2              		.arch armv7-m
   3              		.fpu softvfp
   4              		.eabi_attribute 20, 1
   5              		.eabi_attribute 21, 1
   6              		.eabi_attribute 23, 3
   7              		.eabi_attribute 24, 1
   8              		.eabi_attribute 25, 1
   9              		.eabi_attribute 26, 1
  10              		.eabi_attribute 30, 2
  11              		.eabi_attribute 34, 1
  12              		.eabi_attribute 18, 4
  13              		.file	"stm32f1xx_hal_gpio_ex.c"
  14              		.text
  15              	.Ltext0:
  16              		.cfi_sections	.debug_frame
  17              		.section	.rodata.HAL_GPIOEx_ConfigEventout.str1.4,"aMS",%progbits,1
  18              		.align	2
  19              	.LC0:
  20 0000 44726976 		.ascii	"Drivers/STM32F1xx_HAL_Driver/Src/stm32f1xx_hal_gpio"
  20      6572732F 
  20      53544D33 
  20      32463178 
  20      785F4841 
  21 0033 5F65782E 		.ascii	"_ex.c\000"
  21      6300
  22              		.section	.text.HAL_GPIOEx_ConfigEventout,"ax",%progbits
  23              		.align	1
  24              		.p2align 2,,3
  25              		.global	HAL_GPIOEx_ConfigEventout
  26              		.syntax unified
  27              		.thumb
  28              		.thumb_func
  30              	HAL_GPIOEx_ConfigEventout:
  31              	.LVL0:
  32              	.LFB65:
  33              		.file 1 "Drivers/STM32F1xx_HAL_Driver/Src/stm32f1xx_hal_gpio_ex.c"
   1:Drivers/STM32F1xx_HAL_Driver/Src/stm32f1xx_hal_gpio_ex.c **** /**
   2:Drivers/STM32F1xx_HAL_Driver/Src/stm32f1xx_hal_gpio_ex.c ****   ******************************************************************************
   3:Drivers/STM32F1xx_HAL_Driver/Src/stm32f1xx_hal_gpio_ex.c ****   * @file    stm32f1xx_hal_gpio_ex.c
   4:Drivers/STM32F1xx_HAL_Driver/Src/stm32f1xx_hal_gpio_ex.c ****   * @author  MCD Application Team
   5:Drivers/STM32F1xx_HAL_Driver/Src/stm32f1xx_hal_gpio_ex.c ****   * @brief   GPIO Extension HAL module driver.
   6:Drivers/STM32F1xx_HAL_Driver/Src/stm32f1xx_hal_gpio_ex.c ****   *         This file provides firmware functions to manage the following
   7:Drivers/STM32F1xx_HAL_Driver/Src/stm32f1xx_hal_gpio_ex.c ****   *          functionalities of the General Purpose Input/Output (GPIO) extension peripheral.
   8:Drivers/STM32F1xx_HAL_Driver/Src/stm32f1xx_hal_gpio_ex.c ****   *           + Extended features functions
   9:Drivers/STM32F1xx_HAL_Driver/Src/stm32f1xx_hal_gpio_ex.c ****   *
  10:Drivers/STM32F1xx_HAL_Driver/Src/stm32f1xx_hal_gpio_ex.c ****   @verbatim
  11:Drivers/STM32F1xx_HAL_Driver/Src/stm32f1xx_hal_gpio_ex.c ****   ==============================================================================
  12:Drivers/STM32F1xx_HAL_Driver/Src/stm32f1xx_hal_gpio_ex.c ****                     ##### GPIO Peripheral extension features #####
  13:Drivers/STM32F1xx_HAL_Driver/Src/stm32f1xx_hal_gpio_ex.c ****   ==============================================================================
  14:Drivers/STM32F1xx_HAL_Driver/Src/stm32f1xx_hal_gpio_ex.c ****   [..] GPIO module on STM32F1 family, manage also the AFIO register:
  15:Drivers/STM32F1xx_HAL_Driver/Src/stm32f1xx_hal_gpio_ex.c ****        (+) Possibility to use the EVENTOUT Cortex feature
  16:Drivers/STM32F1xx_HAL_Driver/Src/stm32f1xx_hal_gpio_ex.c **** 
  17:Drivers/STM32F1xx_HAL_Driver/Src/stm32f1xx_hal_gpio_ex.c ****                      ##### How to use this driver #####
  18:Drivers/STM32F1xx_HAL_Driver/Src/stm32f1xx_hal_gpio_ex.c ****   ==============================================================================
  19:Drivers/STM32F1xx_HAL_Driver/Src/stm32f1xx_hal_gpio_ex.c ****   [..] This driver provides functions to use EVENTOUT Cortex feature
  20:Drivers/STM32F1xx_HAL_Driver/Src/stm32f1xx_hal_gpio_ex.c ****     (#) Configure EVENTOUT Cortex feature using the function HAL_GPIOEx_ConfigEventout()
ARM GAS  C:\Users\WENHUA~1\AppData\Local\Temp\ccs8Uwke.s 			page 2


  21:Drivers/STM32F1xx_HAL_Driver/Src/stm32f1xx_hal_gpio_ex.c ****     (#) Activate EVENTOUT Cortex feature using the HAL_GPIOEx_EnableEventout()
  22:Drivers/STM32F1xx_HAL_Driver/Src/stm32f1xx_hal_gpio_ex.c ****     (#) Deactivate EVENTOUT Cortex feature using the HAL_GPIOEx_DisableEventout()
  23:Drivers/STM32F1xx_HAL_Driver/Src/stm32f1xx_hal_gpio_ex.c **** 
  24:Drivers/STM32F1xx_HAL_Driver/Src/stm32f1xx_hal_gpio_ex.c ****   @endverbatim
  25:Drivers/STM32F1xx_HAL_Driver/Src/stm32f1xx_hal_gpio_ex.c ****   ******************************************************************************
  26:Drivers/STM32F1xx_HAL_Driver/Src/stm32f1xx_hal_gpio_ex.c ****   * @attention
  27:Drivers/STM32F1xx_HAL_Driver/Src/stm32f1xx_hal_gpio_ex.c ****   *
  28:Drivers/STM32F1xx_HAL_Driver/Src/stm32f1xx_hal_gpio_ex.c ****   * <h2><center>&copy; Copyright (c) 2016 STMicroelectronics.
  29:Drivers/STM32F1xx_HAL_Driver/Src/stm32f1xx_hal_gpio_ex.c ****   * All rights reserved.</center></h2>
  30:Drivers/STM32F1xx_HAL_Driver/Src/stm32f1xx_hal_gpio_ex.c ****   *
  31:Drivers/STM32F1xx_HAL_Driver/Src/stm32f1xx_hal_gpio_ex.c ****   * This software component is licensed by ST under BSD 3-Clause license,
  32:Drivers/STM32F1xx_HAL_Driver/Src/stm32f1xx_hal_gpio_ex.c ****   * the "License"; You may not use this file except in compliance with the
  33:Drivers/STM32F1xx_HAL_Driver/Src/stm32f1xx_hal_gpio_ex.c ****   * License. You may obtain a copy of the License at:
  34:Drivers/STM32F1xx_HAL_Driver/Src/stm32f1xx_hal_gpio_ex.c ****   *                        opensource.org/licenses/BSD-3-Clause
  35:Drivers/STM32F1xx_HAL_Driver/Src/stm32f1xx_hal_gpio_ex.c ****   *
  36:Drivers/STM32F1xx_HAL_Driver/Src/stm32f1xx_hal_gpio_ex.c ****   ******************************************************************************
  37:Drivers/STM32F1xx_HAL_Driver/Src/stm32f1xx_hal_gpio_ex.c ****   */
  38:Drivers/STM32F1xx_HAL_Driver/Src/stm32f1xx_hal_gpio_ex.c **** 
  39:Drivers/STM32F1xx_HAL_Driver/Src/stm32f1xx_hal_gpio_ex.c **** /* Includes ------------------------------------------------------------------*/
  40:Drivers/STM32F1xx_HAL_Driver/Src/stm32f1xx_hal_gpio_ex.c **** #include "stm32f1xx_hal.h"
  41:Drivers/STM32F1xx_HAL_Driver/Src/stm32f1xx_hal_gpio_ex.c **** 
  42:Drivers/STM32F1xx_HAL_Driver/Src/stm32f1xx_hal_gpio_ex.c **** /** @addtogroup STM32F1xx_HAL_Driver
  43:Drivers/STM32F1xx_HAL_Driver/Src/stm32f1xx_hal_gpio_ex.c ****   * @{
  44:Drivers/STM32F1xx_HAL_Driver/Src/stm32f1xx_hal_gpio_ex.c ****   */
  45:Drivers/STM32F1xx_HAL_Driver/Src/stm32f1xx_hal_gpio_ex.c **** 
  46:Drivers/STM32F1xx_HAL_Driver/Src/stm32f1xx_hal_gpio_ex.c **** /** @defgroup GPIOEx GPIOEx
  47:Drivers/STM32F1xx_HAL_Driver/Src/stm32f1xx_hal_gpio_ex.c ****   * @brief GPIO HAL module driver
  48:Drivers/STM32F1xx_HAL_Driver/Src/stm32f1xx_hal_gpio_ex.c ****   * @{
  49:Drivers/STM32F1xx_HAL_Driver/Src/stm32f1xx_hal_gpio_ex.c ****   */
  50:Drivers/STM32F1xx_HAL_Driver/Src/stm32f1xx_hal_gpio_ex.c **** 
  51:Drivers/STM32F1xx_HAL_Driver/Src/stm32f1xx_hal_gpio_ex.c **** #ifdef HAL_GPIO_MODULE_ENABLED
  52:Drivers/STM32F1xx_HAL_Driver/Src/stm32f1xx_hal_gpio_ex.c **** 
  53:Drivers/STM32F1xx_HAL_Driver/Src/stm32f1xx_hal_gpio_ex.c **** /** @defgroup GPIOEx_Exported_Functions GPIOEx Exported Functions
  54:Drivers/STM32F1xx_HAL_Driver/Src/stm32f1xx_hal_gpio_ex.c ****   * @{
  55:Drivers/STM32F1xx_HAL_Driver/Src/stm32f1xx_hal_gpio_ex.c ****   */
  56:Drivers/STM32F1xx_HAL_Driver/Src/stm32f1xx_hal_gpio_ex.c **** 
  57:Drivers/STM32F1xx_HAL_Driver/Src/stm32f1xx_hal_gpio_ex.c **** /** @defgroup GPIOEx_Exported_Functions_Group1 Extended features functions
  58:Drivers/STM32F1xx_HAL_Driver/Src/stm32f1xx_hal_gpio_ex.c ****  *  @brief    Extended features functions
  59:Drivers/STM32F1xx_HAL_Driver/Src/stm32f1xx_hal_gpio_ex.c ****  *
  60:Drivers/STM32F1xx_HAL_Driver/Src/stm32f1xx_hal_gpio_ex.c **** @verbatim
  61:Drivers/STM32F1xx_HAL_Driver/Src/stm32f1xx_hal_gpio_ex.c ****   ==============================================================================
  62:Drivers/STM32F1xx_HAL_Driver/Src/stm32f1xx_hal_gpio_ex.c ****                  ##### Extended features functions #####
  63:Drivers/STM32F1xx_HAL_Driver/Src/stm32f1xx_hal_gpio_ex.c ****   ==============================================================================
  64:Drivers/STM32F1xx_HAL_Driver/Src/stm32f1xx_hal_gpio_ex.c ****     [..]  This section provides functions allowing to:
  65:Drivers/STM32F1xx_HAL_Driver/Src/stm32f1xx_hal_gpio_ex.c ****     (+) Configure EVENTOUT Cortex feature using the function HAL_GPIOEx_ConfigEventout()
  66:Drivers/STM32F1xx_HAL_Driver/Src/stm32f1xx_hal_gpio_ex.c ****     (+) Activate EVENTOUT Cortex feature using the HAL_GPIOEx_EnableEventout()
  67:Drivers/STM32F1xx_HAL_Driver/Src/stm32f1xx_hal_gpio_ex.c ****     (+) Deactivate EVENTOUT Cortex feature using the HAL_GPIOEx_DisableEventout()
  68:Drivers/STM32F1xx_HAL_Driver/Src/stm32f1xx_hal_gpio_ex.c **** 
  69:Drivers/STM32F1xx_HAL_Driver/Src/stm32f1xx_hal_gpio_ex.c **** @endverbatim
  70:Drivers/STM32F1xx_HAL_Driver/Src/stm32f1xx_hal_gpio_ex.c ****   * @{
  71:Drivers/STM32F1xx_HAL_Driver/Src/stm32f1xx_hal_gpio_ex.c ****   */
  72:Drivers/STM32F1xx_HAL_Driver/Src/stm32f1xx_hal_gpio_ex.c **** 
  73:Drivers/STM32F1xx_HAL_Driver/Src/stm32f1xx_hal_gpio_ex.c **** /**
  74:Drivers/STM32F1xx_HAL_Driver/Src/stm32f1xx_hal_gpio_ex.c ****   * @brief  Configures the port and pin on which the EVENTOUT Cortex signal will be connected.
  75:Drivers/STM32F1xx_HAL_Driver/Src/stm32f1xx_hal_gpio_ex.c ****   * @param  GPIO_PortSource Select the port used to output the Cortex EVENTOUT signal.
  76:Drivers/STM32F1xx_HAL_Driver/Src/stm32f1xx_hal_gpio_ex.c ****   *   This parameter can be a value of @ref GPIOEx_EVENTOUT_PORT.
  77:Drivers/STM32F1xx_HAL_Driver/Src/stm32f1xx_hal_gpio_ex.c ****   * @param  GPIO_PinSource Select the pin used to output the Cortex EVENTOUT signal.
ARM GAS  C:\Users\WENHUA~1\AppData\Local\Temp\ccs8Uwke.s 			page 3


  78:Drivers/STM32F1xx_HAL_Driver/Src/stm32f1xx_hal_gpio_ex.c ****   *   This parameter can be a value of @ref GPIOEx_EVENTOUT_PIN.
  79:Drivers/STM32F1xx_HAL_Driver/Src/stm32f1xx_hal_gpio_ex.c ****   * @retval None
  80:Drivers/STM32F1xx_HAL_Driver/Src/stm32f1xx_hal_gpio_ex.c ****   */
  81:Drivers/STM32F1xx_HAL_Driver/Src/stm32f1xx_hal_gpio_ex.c **** void HAL_GPIOEx_ConfigEventout(uint32_t GPIO_PortSource, uint32_t GPIO_PinSource)
  82:Drivers/STM32F1xx_HAL_Driver/Src/stm32f1xx_hal_gpio_ex.c **** {
  34              		.loc 1 82 1 view -0
  35              		.cfi_startproc
  36              		@ args = 0, pretend = 0, frame = 0
  37              		@ frame_needed = 0, uses_anonymous_args = 0
  83:Drivers/STM32F1xx_HAL_Driver/Src/stm32f1xx_hal_gpio_ex.c ****   /* Verify the parameters */
  84:Drivers/STM32F1xx_HAL_Driver/Src/stm32f1xx_hal_gpio_ex.c ****   assert_param(IS_AFIO_EVENTOUT_PORT(GPIO_PortSource));
  38              		.loc 1 84 3 view .LVU1
  82:Drivers/STM32F1xx_HAL_Driver/Src/stm32f1xx_hal_gpio_ex.c ****   /* Verify the parameters */
  39              		.loc 1 82 1 is_stmt 0 view .LVU2
  40 0000 38B5     		push	{r3, r4, r5, lr}
  41              	.LCFI0:
  42              		.cfi_def_cfa_offset 16
  43              		.cfi_offset 3, -16
  44              		.cfi_offset 4, -12
  45              		.cfi_offset 5, -8
  46              		.cfi_offset 14, -4
  47              		.loc 1 84 3 view .LVU3
  48 0002 30F03003 		bics	r3, r0, #48
  82:Drivers/STM32F1xx_HAL_Driver/Src/stm32f1xx_hal_gpio_ex.c ****   /* Verify the parameters */
  49              		.loc 1 82 1 view .LVU4
  50 0006 0446     		mov	r4, r0
  51 0008 0D46     		mov	r5, r1
  52              		.loc 1 84 3 view .LVU5
  53 000a 01D0     		beq	.L2
  54              		.loc 1 84 3 discriminator 4 view .LVU6
  55 000c 4028     		cmp	r0, #64
  56 000e 0FD1     		bne	.L12
  57              	.LVL1:
  58              	.L2:
  85:Drivers/STM32F1xx_HAL_Driver/Src/stm32f1xx_hal_gpio_ex.c ****   assert_param(IS_AFIO_EVENTOUT_PIN(GPIO_PinSource));
  59              		.loc 1 85 3 is_stmt 1 view .LVU7
  60 0010 0F2D     		cmp	r5, #15
  61 0012 08D8     		bhi	.L13
  62              	.L3:
  86:Drivers/STM32F1xx_HAL_Driver/Src/stm32f1xx_hal_gpio_ex.c **** 
  87:Drivers/STM32F1xx_HAL_Driver/Src/stm32f1xx_hal_gpio_ex.c ****   /* Apply the new configuration */
  88:Drivers/STM32F1xx_HAL_Driver/Src/stm32f1xx_hal_gpio_ex.c ****   MODIFY_REG(AFIO->EVCR, (AFIO_EVCR_PORT) | (AFIO_EVCR_PIN), (GPIO_PortSource) | (GPIO_PinSource));
  63              		.loc 1 88 3 view .LVU8
  64 0014 094A     		ldr	r2, .L14
  65 0016 1368     		ldr	r3, [r2]
  66 0018 23F07F03 		bic	r3, r3, #127
  67 001c 43EA0501 		orr	r1, r3, r5
  68 0020 2143     		orrs	r1, r1, r4
  69 0022 1160     		str	r1, [r2]
  89:Drivers/STM32F1xx_HAL_Driver/Src/stm32f1xx_hal_gpio_ex.c **** }
  70              		.loc 1 89 1 is_stmt 0 view .LVU9
  71 0024 38BD     		pop	{r3, r4, r5, pc}
  72              	.LVL2:
  73              	.L13:
  85:Drivers/STM32F1xx_HAL_Driver/Src/stm32f1xx_hal_gpio_ex.c ****   assert_param(IS_AFIO_EVENTOUT_PIN(GPIO_PinSource));
  74              		.loc 1 85 3 discriminator 1 view .LVU10
  75 0026 5521     		movs	r1, #85
ARM GAS  C:\Users\WENHUA~1\AppData\Local\Temp\ccs8Uwke.s 			page 4


  76 0028 0548     		ldr	r0, .L14+4
  77 002a FFF7FEFF 		bl	assert_failed
  78              	.LVL3:
  79 002e F1E7     		b	.L3
  80              	.LVL4:
  81              	.L12:
  84:Drivers/STM32F1xx_HAL_Driver/Src/stm32f1xx_hal_gpio_ex.c ****   assert_param(IS_AFIO_EVENTOUT_PIN(GPIO_PinSource));
  82              		.loc 1 84 3 discriminator 5 view .LVU11
  83 0030 5421     		movs	r1, #84
  84              	.LVL5:
  84:Drivers/STM32F1xx_HAL_Driver/Src/stm32f1xx_hal_gpio_ex.c ****   assert_param(IS_AFIO_EVENTOUT_PIN(GPIO_PinSource));
  85              		.loc 1 84 3 discriminator 5 view .LVU12
  86 0032 0348     		ldr	r0, .L14+4
  87              	.LVL6:
  84:Drivers/STM32F1xx_HAL_Driver/Src/stm32f1xx_hal_gpio_ex.c ****   assert_param(IS_AFIO_EVENTOUT_PIN(GPIO_PinSource));
  88              		.loc 1 84 3 discriminator 5 view .LVU13
  89 0034 FFF7FEFF 		bl	assert_failed
  90              	.LVL7:
  91 0038 EAE7     		b	.L2
  92              	.L15:
  93 003a 00BF     		.align	2
  94              	.L14:
  95 003c 00000140 		.word	1073807360
  96 0040 00000000 		.word	.LC0
  97              		.cfi_endproc
  98              	.LFE65:
 100              		.section	.text.HAL_GPIOEx_EnableEventout,"ax",%progbits
 101              		.align	1
 102              		.p2align 2,,3
 103              		.global	HAL_GPIOEx_EnableEventout
 104              		.syntax unified
 105              		.thumb
 106              		.thumb_func
 108              	HAL_GPIOEx_EnableEventout:
 109              	.LFB66:
  90:Drivers/STM32F1xx_HAL_Driver/Src/stm32f1xx_hal_gpio_ex.c **** 
  91:Drivers/STM32F1xx_HAL_Driver/Src/stm32f1xx_hal_gpio_ex.c **** /**
  92:Drivers/STM32F1xx_HAL_Driver/Src/stm32f1xx_hal_gpio_ex.c ****   * @brief  Enables the Event Output.
  93:Drivers/STM32F1xx_HAL_Driver/Src/stm32f1xx_hal_gpio_ex.c ****   * @retval None
  94:Drivers/STM32F1xx_HAL_Driver/Src/stm32f1xx_hal_gpio_ex.c ****   */
  95:Drivers/STM32F1xx_HAL_Driver/Src/stm32f1xx_hal_gpio_ex.c **** void HAL_GPIOEx_EnableEventout(void)
  96:Drivers/STM32F1xx_HAL_Driver/Src/stm32f1xx_hal_gpio_ex.c **** {
 110              		.loc 1 96 1 is_stmt 1 view -0
 111              		.cfi_startproc
 112              		@ args = 0, pretend = 0, frame = 0
 113              		@ frame_needed = 0, uses_anonymous_args = 0
 114              		@ link register save eliminated.
  97:Drivers/STM32F1xx_HAL_Driver/Src/stm32f1xx_hal_gpio_ex.c ****   SET_BIT(AFIO->EVCR, AFIO_EVCR_EVOE);
 115              		.loc 1 97 3 view .LVU15
 116 0000 024A     		ldr	r2, .L17
 117 0002 1368     		ldr	r3, [r2]
 118 0004 43F08003 		orr	r3, r3, #128
 119 0008 1360     		str	r3, [r2]
  98:Drivers/STM32F1xx_HAL_Driver/Src/stm32f1xx_hal_gpio_ex.c **** }
 120              		.loc 1 98 1 is_stmt 0 view .LVU16
 121 000a 7047     		bx	lr
 122              	.L18:
ARM GAS  C:\Users\WENHUA~1\AppData\Local\Temp\ccs8Uwke.s 			page 5


 123              		.align	2
 124              	.L17:
 125 000c 00000140 		.word	1073807360
 126              		.cfi_endproc
 127              	.LFE66:
 129              		.section	.text.HAL_GPIOEx_DisableEventout,"ax",%progbits
 130              		.align	1
 131              		.p2align 2,,3
 132              		.global	HAL_GPIOEx_DisableEventout
 133              		.syntax unified
 134              		.thumb
 135              		.thumb_func
 137              	HAL_GPIOEx_DisableEventout:
 138              	.LFB67:
  99:Drivers/STM32F1xx_HAL_Driver/Src/stm32f1xx_hal_gpio_ex.c **** 
 100:Drivers/STM32F1xx_HAL_Driver/Src/stm32f1xx_hal_gpio_ex.c **** /**
 101:Drivers/STM32F1xx_HAL_Driver/Src/stm32f1xx_hal_gpio_ex.c ****   * @brief  Disables the Event Output.
 102:Drivers/STM32F1xx_HAL_Driver/Src/stm32f1xx_hal_gpio_ex.c ****   * @retval None
 103:Drivers/STM32F1xx_HAL_Driver/Src/stm32f1xx_hal_gpio_ex.c ****   */
 104:Drivers/STM32F1xx_HAL_Driver/Src/stm32f1xx_hal_gpio_ex.c **** void HAL_GPIOEx_DisableEventout(void)
 105:Drivers/STM32F1xx_HAL_Driver/Src/stm32f1xx_hal_gpio_ex.c **** {
 139              		.loc 1 105 1 is_stmt 1 view -0
 140              		.cfi_startproc
 141              		@ args = 0, pretend = 0, frame = 0
 142              		@ frame_needed = 0, uses_anonymous_args = 0
 143              		@ link register save eliminated.
 106:Drivers/STM32F1xx_HAL_Driver/Src/stm32f1xx_hal_gpio_ex.c ****   CLEAR_BIT(AFIO->EVCR, AFIO_EVCR_EVOE);
 144              		.loc 1 106 3 view .LVU18
 145 0000 024A     		ldr	r2, .L20
 146 0002 1368     		ldr	r3, [r2]
 147 0004 23F08003 		bic	r3, r3, #128
 148 0008 1360     		str	r3, [r2]
 107:Drivers/STM32F1xx_HAL_Driver/Src/stm32f1xx_hal_gpio_ex.c **** }
 149              		.loc 1 107 1 is_stmt 0 view .LVU19
 150 000a 7047     		bx	lr
 151              	.L21:
 152              		.align	2
 153              	.L20:
 154 000c 00000140 		.word	1073807360
 155              		.cfi_endproc
 156              	.LFE67:
 158              		.text
 159              	.Letext0:
 160              		.file 2 "d:\\program files (x86)\\gnu arm embedded toolchain\\10 2021.10\\arm-none-eabi\\include\\
 161              		.file 3 "d:\\program files (x86)\\gnu arm embedded toolchain\\10 2021.10\\arm-none-eabi\\include\\
 162              		.file 4 "Drivers/CMSIS/Device/ST/STM32F1xx/Include/stm32f103xb.h"
 163              		.file 5 "Core/Inc/stm32f1xx_hal_conf.h"
ARM GAS  C:\Users\WENHUA~1\AppData\Local\Temp\ccs8Uwke.s 			page 6


DEFINED SYMBOLS
                            *ABS*:00000000 stm32f1xx_hal_gpio_ex.c
C:\Users\WENHUA~1\AppData\Local\Temp\ccs8Uwke.s:18     .rodata.HAL_GPIOEx_ConfigEventout.str1.4:00000000 $d
C:\Users\WENHUA~1\AppData\Local\Temp\ccs8Uwke.s:23     .text.HAL_GPIOEx_ConfigEventout:00000000 $t
C:\Users\WENHUA~1\AppData\Local\Temp\ccs8Uwke.s:30     .text.HAL_GPIOEx_ConfigEventout:00000000 HAL_GPIOEx_ConfigEventout
C:\Users\WENHUA~1\AppData\Local\Temp\ccs8Uwke.s:95     .text.HAL_GPIOEx_ConfigEventout:0000003c $d
C:\Users\WENHUA~1\AppData\Local\Temp\ccs8Uwke.s:101    .text.HAL_GPIOEx_EnableEventout:00000000 $t
C:\Users\WENHUA~1\AppData\Local\Temp\ccs8Uwke.s:108    .text.HAL_GPIOEx_EnableEventout:00000000 HAL_GPIOEx_EnableEventout
C:\Users\WENHUA~1\AppData\Local\Temp\ccs8Uwke.s:125    .text.HAL_GPIOEx_EnableEventout:0000000c $d
C:\Users\WENHUA~1\AppData\Local\Temp\ccs8Uwke.s:130    .text.HAL_GPIOEx_DisableEventout:00000000 $t
C:\Users\WENHUA~1\AppData\Local\Temp\ccs8Uwke.s:137    .text.HAL_GPIOEx_DisableEventout:00000000 HAL_GPIOEx_DisableEventout
C:\Users\WENHUA~1\AppData\Local\Temp\ccs8Uwke.s:154    .text.HAL_GPIOEx_DisableEventout:0000000c $d

UNDEFINED SYMBOLS
assert_failed
