ARM GAS  C:\Users\WENHUA~1\AppData\Local\Temp\ccDazW27.s 			page 1


   1              		.cpu cortex-m3
   2              		.arch armv7-m
   3              		.fpu softvfp
   4              		.eabi_attribute 20, 1
   5              		.eabi_attribute 21, 1
   6              		.eabi_attribute 23, 3
   7              		.eabi_attribute 24, 1
   8              		.eabi_attribute 25, 1
   9              		.eabi_attribute 26, 1
  10              		.eabi_attribute 30, 2
  11              		.eabi_attribute 34, 1
  12              		.eabi_attribute 18, 4
  13              		.file	"usart.c"
  14              		.text
  15              	.Ltext0:
  16              		.cfi_sections	.debug_frame
  17              		.section	.text.MX_USART1_UART_Init,"ax",%progbits
  18              		.align	1
  19              		.p2align 2,,3
  20              		.global	MX_USART1_UART_Init
  21              		.syntax unified
  22              		.thumb
  23              		.thumb_func
  25              	MX_USART1_UART_Init:
  26              	.LFB68:
  27              		.file 1 "Core/Src/usart.c"
   1:Core/Src/usart.c **** /**
   2:Core/Src/usart.c ****   ******************************************************************************
   3:Core/Src/usart.c ****   * @file    usart.c
   4:Core/Src/usart.c ****   * @brief   This file provides code for the configuration
   5:Core/Src/usart.c ****   *          of the USART instances.
   6:Core/Src/usart.c ****   ******************************************************************************
   7:Core/Src/usart.c ****   * @attention
   8:Core/Src/usart.c ****   *
   9:Core/Src/usart.c ****   * <h2><center>&copy; Copyright (c) 2022 STMicroelectronics.
  10:Core/Src/usart.c ****   * All rights reserved.</center></h2>
  11:Core/Src/usart.c ****   *
  12:Core/Src/usart.c ****   * This software component is licensed by ST under BSD 3-Clause license,
  13:Core/Src/usart.c ****   * the "License"; You may not use this file except in compliance with the
  14:Core/Src/usart.c ****   * License. You may obtain a copy of the License at:
  15:Core/Src/usart.c ****   *                        opensource.org/licenses/BSD-3-Clause
  16:Core/Src/usart.c ****   *
  17:Core/Src/usart.c ****   ******************************************************************************
  18:Core/Src/usart.c ****   */
  19:Core/Src/usart.c **** 
  20:Core/Src/usart.c **** /* Includes ------------------------------------------------------------------*/
  21:Core/Src/usart.c **** #include "usart.h"
  22:Core/Src/usart.c **** 
  23:Core/Src/usart.c **** /* USER CODE BEGIN 0 */
  24:Core/Src/usart.c **** #include <stdio.h>
  25:Core/Src/usart.c **** USART_RECEIVETYPE UsartType1;
  26:Core/Src/usart.c **** /* USER CODE END 0 */
  27:Core/Src/usart.c **** 
  28:Core/Src/usart.c **** UART_HandleTypeDef huart1;
  29:Core/Src/usart.c **** DMA_HandleTypeDef hdma_usart1_rx;
  30:Core/Src/usart.c **** DMA_HandleTypeDef hdma_usart1_tx;
  31:Core/Src/usart.c **** 
ARM GAS  C:\Users\WENHUA~1\AppData\Local\Temp\ccDazW27.s 			page 2


  32:Core/Src/usart.c **** /* USART1 init function */
  33:Core/Src/usart.c **** 
  34:Core/Src/usart.c **** void MX_USART1_UART_Init(void)
  35:Core/Src/usart.c **** {
  28              		.loc 1 35 1 view -0
  29              		.cfi_startproc
  30              		@ args = 0, pretend = 0, frame = 0
  31              		@ frame_needed = 0, uses_anonymous_args = 0
  36:Core/Src/usart.c **** 
  37:Core/Src/usart.c ****   /* USER CODE BEGIN USART1_Init 0 */
  38:Core/Src/usart.c **** 
  39:Core/Src/usart.c ****   /* USER CODE END USART1_Init 0 */
  40:Core/Src/usart.c **** 
  41:Core/Src/usart.c ****   /* USER CODE BEGIN USART1_Init 1 */
  42:Core/Src/usart.c **** 
  43:Core/Src/usart.c ****   /* USER CODE END USART1_Init 1 */
  44:Core/Src/usart.c ****   huart1.Instance = USART1;
  32              		.loc 1 44 3 view .LVU1
  45:Core/Src/usart.c ****   huart1.Init.BaudRate = 115200;
  46:Core/Src/usart.c ****   huart1.Init.WordLength = UART_WORDLENGTH_8B;
  33              		.loc 1 46 26 is_stmt 0 view .LVU2
  34 0000 0023     		movs	r3, #0
  45:Core/Src/usart.c ****   huart1.Init.BaudRate = 115200;
  35              		.loc 1 45 24 view .LVU3
  36 0002 4FF4E131 		mov	r1, #115200
  47:Core/Src/usart.c ****   huart1.Init.StopBits = UART_STOPBITS_1;
  48:Core/Src/usart.c ****   huart1.Init.Parity = UART_PARITY_NONE;
  49:Core/Src/usart.c ****   huart1.Init.Mode = UART_MODE_TX_RX;
  37              		.loc 1 49 20 view .LVU4
  38 0006 0C22     		movs	r2, #12
  35:Core/Src/usart.c **** 
  39              		.loc 1 35 1 view .LVU5
  40 0008 10B5     		push	{r4, lr}
  41              	.LCFI0:
  42              		.cfi_def_cfa_offset 8
  43              		.cfi_offset 4, -8
  44              		.cfi_offset 14, -4
  44:Core/Src/usart.c ****   huart1.Init.BaudRate = 115200;
  45              		.loc 1 44 19 view .LVU6
  46 000a 0948     		ldr	r0, .L6
  47 000c 094C     		ldr	r4, .L6+4
  45:Core/Src/usart.c ****   huart1.Init.WordLength = UART_WORDLENGTH_8B;
  48              		.loc 1 45 24 view .LVU7
  49 000e C0E90113 		strd	r1, r3, [r0, #4]
  48:Core/Src/usart.c ****   huart1.Init.Mode = UART_MODE_TX_RX;
  50              		.loc 1 48 22 view .LVU8
  51 0012 C0E90333 		strd	r3, r3, [r0, #12]
  50:Core/Src/usart.c ****   huart1.Init.HwFlowCtl = UART_HWCONTROL_NONE;
  52              		.loc 1 50 25 view .LVU9
  53 0016 C0E90523 		strd	r2, r3, [r0, #20]
  44:Core/Src/usart.c ****   huart1.Init.BaudRate = 115200;
  54              		.loc 1 44 19 view .LVU10
  55 001a 0460     		str	r4, [r0]
  45:Core/Src/usart.c ****   huart1.Init.WordLength = UART_WORDLENGTH_8B;
  56              		.loc 1 45 3 is_stmt 1 view .LVU11
  46:Core/Src/usart.c ****   huart1.Init.StopBits = UART_STOPBITS_1;
  57              		.loc 1 46 3 view .LVU12
ARM GAS  C:\Users\WENHUA~1\AppData\Local\Temp\ccDazW27.s 			page 3


  47:Core/Src/usart.c ****   huart1.Init.Parity = UART_PARITY_NONE;
  58              		.loc 1 47 3 view .LVU13
  49:Core/Src/usart.c ****   huart1.Init.HwFlowCtl = UART_HWCONTROL_NONE;
  59              		.loc 1 49 3 view .LVU14
  51:Core/Src/usart.c ****   huart1.Init.OverSampling = UART_OVERSAMPLING_16;
  60              		.loc 1 51 3 view .LVU15
  61              		.loc 1 51 28 is_stmt 0 view .LVU16
  62 001c C361     		str	r3, [r0, #28]
  52:Core/Src/usart.c ****   if (HAL_UART_Init(&huart1) != HAL_OK)
  63              		.loc 1 52 3 is_stmt 1 view .LVU17
  64              		.loc 1 52 7 is_stmt 0 view .LVU18
  65 001e FFF7FEFF 		bl	HAL_UART_Init
  66              	.LVL0:
  67              		.loc 1 52 6 view .LVU19
  68 0022 00B9     		cbnz	r0, .L5
  53:Core/Src/usart.c ****   {
  54:Core/Src/usart.c ****     Error_Handler();
  55:Core/Src/usart.c ****   }
  56:Core/Src/usart.c ****   /* USER CODE BEGIN USART1_Init 2 */
  57:Core/Src/usart.c **** 
  58:Core/Src/usart.c ****   /* USER CODE END USART1_Init 2 */
  59:Core/Src/usart.c **** 
  60:Core/Src/usart.c **** }
  69              		.loc 1 60 1 view .LVU20
  70 0024 10BD     		pop	{r4, pc}
  71              	.L5:
  54:Core/Src/usart.c ****   }
  72              		.loc 1 54 5 is_stmt 1 view .LVU21
  73              		.loc 1 60 1 is_stmt 0 view .LVU22
  74 0026 BDE81040 		pop	{r4, lr}
  75              	.LCFI1:
  76              		.cfi_restore 14
  77              		.cfi_restore 4
  78              		.cfi_def_cfa_offset 0
  54:Core/Src/usart.c ****   }
  79              		.loc 1 54 5 view .LVU23
  80 002a FFF7FEBF 		b	Error_Handler
  81              	.LVL1:
  82              	.L7:
  83 002e 00BF     		.align	2
  84              	.L6:
  85 0030 00000000 		.word	.LANCHOR0
  86 0034 00380140 		.word	1073821696
  87              		.cfi_endproc
  88              	.LFE68:
  90              		.section	.text.HAL_UART_MspInit,"ax",%progbits
  91              		.align	1
  92              		.p2align 2,,3
  93              		.global	HAL_UART_MspInit
  94              		.syntax unified
  95              		.thumb
  96              		.thumb_func
  98              	HAL_UART_MspInit:
  99              	.LVL2:
 100              	.LFB69:
  61:Core/Src/usart.c **** 
  62:Core/Src/usart.c **** void HAL_UART_MspInit(UART_HandleTypeDef* uartHandle)
ARM GAS  C:\Users\WENHUA~1\AppData\Local\Temp\ccDazW27.s 			page 4


  63:Core/Src/usart.c **** {
 101              		.loc 1 63 1 is_stmt 1 view -0
 102              		.cfi_startproc
 103              		@ args = 0, pretend = 0, frame = 24
 104              		@ frame_needed = 0, uses_anonymous_args = 0
  64:Core/Src/usart.c **** 
  65:Core/Src/usart.c ****   GPIO_InitTypeDef GPIO_InitStruct = {0};
 105              		.loc 1 65 3 view .LVU25
  63:Core/Src/usart.c **** 
 106              		.loc 1 63 1 is_stmt 0 view .LVU26
 107 0000 70B5     		push	{r4, r5, r6, lr}
 108              	.LCFI2:
 109              		.cfi_def_cfa_offset 16
 110              		.cfi_offset 4, -16
 111              		.cfi_offset 5, -12
 112              		.cfi_offset 6, -8
 113              		.cfi_offset 14, -4
 114              		.loc 1 65 20 view .LVU27
 115 0002 0024     		movs	r4, #0
  66:Core/Src/usart.c ****   if(uartHandle->Instance==USART1)
 116              		.loc 1 66 5 view .LVU28
 117 0004 304B     		ldr	r3, .L22
 118 0006 0268     		ldr	r2, [r0]
  63:Core/Src/usart.c **** 
 119              		.loc 1 63 1 view .LVU29
 120 0008 86B0     		sub	sp, sp, #24
 121              	.LCFI3:
 122              		.cfi_def_cfa_offset 40
 123              		.loc 1 66 5 view .LVU30
 124 000a 9A42     		cmp	r2, r3
  65:Core/Src/usart.c ****   if(uartHandle->Instance==USART1)
 125              		.loc 1 65 20 view .LVU31
 126 000c CDE90244 		strd	r4, r4, [sp, #8]
 127 0010 CDE90444 		strd	r4, r4, [sp, #16]
 128              		.loc 1 66 3 is_stmt 1 view .LVU32
 129              		.loc 1 66 5 is_stmt 0 view .LVU33
 130 0014 01D0     		beq	.L19
  67:Core/Src/usart.c ****   {
  68:Core/Src/usart.c ****   /* USER CODE BEGIN USART1_MspInit 0 */
  69:Core/Src/usart.c **** 
  70:Core/Src/usart.c ****   /* USER CODE END USART1_MspInit 0 */
  71:Core/Src/usart.c ****     /* USART1 clock enable */
  72:Core/Src/usart.c ****     __HAL_RCC_USART1_CLK_ENABLE();
  73:Core/Src/usart.c **** 
  74:Core/Src/usart.c ****     __HAL_RCC_GPIOA_CLK_ENABLE();
  75:Core/Src/usart.c ****     /**USART1 GPIO Configuration
  76:Core/Src/usart.c ****     PA9     ------> USART1_TX
  77:Core/Src/usart.c ****     PA10     ------> USART1_RX
  78:Core/Src/usart.c ****     */
  79:Core/Src/usart.c ****     GPIO_InitStruct.Pin = GPIO_PIN_9;
  80:Core/Src/usart.c ****     GPIO_InitStruct.Mode = GPIO_MODE_AF_PP;
  81:Core/Src/usart.c ****     GPIO_InitStruct.Speed = GPIO_SPEED_FREQ_HIGH;
  82:Core/Src/usart.c ****     HAL_GPIO_Init(GPIOA, &GPIO_InitStruct);
  83:Core/Src/usart.c **** 
  84:Core/Src/usart.c ****     GPIO_InitStruct.Pin = GPIO_PIN_10;
  85:Core/Src/usart.c ****     GPIO_InitStruct.Mode = GPIO_MODE_INPUT;
  86:Core/Src/usart.c ****     GPIO_InitStruct.Pull = GPIO_PULLUP;
ARM GAS  C:\Users\WENHUA~1\AppData\Local\Temp\ccDazW27.s 			page 5


  87:Core/Src/usart.c ****     HAL_GPIO_Init(GPIOA, &GPIO_InitStruct);
  88:Core/Src/usart.c **** 
  89:Core/Src/usart.c ****     /* USART1 DMA Init */
  90:Core/Src/usart.c ****     /* USART1_RX Init */
  91:Core/Src/usart.c ****     hdma_usart1_rx.Instance = DMA1_Channel5;
  92:Core/Src/usart.c ****     hdma_usart1_rx.Init.Direction = DMA_PERIPH_TO_MEMORY;
  93:Core/Src/usart.c ****     hdma_usart1_rx.Init.PeriphInc = DMA_PINC_DISABLE;
  94:Core/Src/usart.c ****     hdma_usart1_rx.Init.MemInc = DMA_MINC_ENABLE;
  95:Core/Src/usart.c ****     hdma_usart1_rx.Init.PeriphDataAlignment = DMA_PDATAALIGN_BYTE;
  96:Core/Src/usart.c ****     hdma_usart1_rx.Init.MemDataAlignment = DMA_MDATAALIGN_BYTE;
  97:Core/Src/usart.c ****     hdma_usart1_rx.Init.Mode = DMA_NORMAL;
  98:Core/Src/usart.c ****     hdma_usart1_rx.Init.Priority = DMA_PRIORITY_LOW;
  99:Core/Src/usart.c ****     if (HAL_DMA_Init(&hdma_usart1_rx) != HAL_OK)
 100:Core/Src/usart.c ****     {
 101:Core/Src/usart.c ****       Error_Handler();
 102:Core/Src/usart.c ****     }
 103:Core/Src/usart.c **** 
 104:Core/Src/usart.c ****     __HAL_LINKDMA(uartHandle,hdmarx,hdma_usart1_rx);
 105:Core/Src/usart.c **** 
 106:Core/Src/usart.c ****     /* USART1_TX Init */
 107:Core/Src/usart.c ****     hdma_usart1_tx.Instance = DMA1_Channel4;
 108:Core/Src/usart.c ****     hdma_usart1_tx.Init.Direction = DMA_MEMORY_TO_PERIPH;
 109:Core/Src/usart.c ****     hdma_usart1_tx.Init.PeriphInc = DMA_PINC_DISABLE;
 110:Core/Src/usart.c ****     hdma_usart1_tx.Init.MemInc = DMA_MINC_ENABLE;
 111:Core/Src/usart.c ****     hdma_usart1_tx.Init.PeriphDataAlignment = DMA_PDATAALIGN_BYTE;
 112:Core/Src/usart.c ****     hdma_usart1_tx.Init.MemDataAlignment = DMA_MDATAALIGN_BYTE;
 113:Core/Src/usart.c ****     hdma_usart1_tx.Init.Mode = DMA_NORMAL;
 114:Core/Src/usart.c ****     hdma_usart1_tx.Init.Priority = DMA_PRIORITY_LOW;
 115:Core/Src/usart.c ****     if (HAL_DMA_Init(&hdma_usart1_tx) != HAL_OK)
 116:Core/Src/usart.c ****     {
 117:Core/Src/usart.c ****       Error_Handler();
 118:Core/Src/usart.c ****     }
 119:Core/Src/usart.c **** 
 120:Core/Src/usart.c ****     __HAL_LINKDMA(uartHandle,hdmatx,hdma_usart1_tx);
 121:Core/Src/usart.c **** 
 122:Core/Src/usart.c ****   /* USER CODE BEGIN USART1_MspInit 1 */
 123:Core/Src/usart.c **** 
 124:Core/Src/usart.c ****   /* USER CODE END USART1_MspInit 1 */
 125:Core/Src/usart.c ****   }
 126:Core/Src/usart.c **** }
 131              		.loc 1 126 1 view .LVU34
 132 0016 06B0     		add	sp, sp, #24
 133              	.LCFI4:
 134              		.cfi_remember_state
 135              		.cfi_def_cfa_offset 16
 136              		@ sp needed
 137 0018 70BD     		pop	{r4, r5, r6, pc}
 138              	.L19:
 139              	.LCFI5:
 140              		.cfi_restore_state
  72:Core/Src/usart.c **** 
 141              		.loc 1 72 5 is_stmt 1 view .LVU35
 142              	.LBB2:
  72:Core/Src/usart.c **** 
 143              		.loc 1 72 5 view .LVU36
  72:Core/Src/usart.c **** 
 144              		.loc 1 72 5 view .LVU37
ARM GAS  C:\Users\WENHUA~1\AppData\Local\Temp\ccDazW27.s 			page 6


 145 001a 03F55843 		add	r3, r3, #55296
 146 001e 9A69     		ldr	r2, [r3, #24]
 147 0020 0546     		mov	r5, r0
 148 0022 42F48042 		orr	r2, r2, #16384
 149 0026 9A61     		str	r2, [r3, #24]
  72:Core/Src/usart.c **** 
 150              		.loc 1 72 5 view .LVU38
 151 0028 9A69     		ldr	r2, [r3, #24]
 152              	.LBE2:
  82:Core/Src/usart.c **** 
 153              		.loc 1 82 5 is_stmt 0 view .LVU39
 154 002a 2848     		ldr	r0, .L22+4
 155              	.LVL3:
 156              	.LBB3:
  72:Core/Src/usart.c **** 
 157              		.loc 1 72 5 view .LVU40
 158 002c 02F48042 		and	r2, r2, #16384
 159 0030 0092     		str	r2, [sp]
  72:Core/Src/usart.c **** 
 160              		.loc 1 72 5 is_stmt 1 view .LVU41
 161 0032 009A     		ldr	r2, [sp]
 162              	.LBE3:
  72:Core/Src/usart.c **** 
 163              		.loc 1 72 5 view .LVU42
  74:Core/Src/usart.c ****     /**USART1 GPIO Configuration
 164              		.loc 1 74 5 view .LVU43
 165              	.LBB4:
  74:Core/Src/usart.c ****     /**USART1 GPIO Configuration
 166              		.loc 1 74 5 view .LVU44
  74:Core/Src/usart.c ****     /**USART1 GPIO Configuration
 167              		.loc 1 74 5 view .LVU45
 168 0034 9A69     		ldr	r2, [r3, #24]
 169              	.LBE4:
  91:Core/Src/usart.c ****     hdma_usart1_rx.Init.Direction = DMA_PERIPH_TO_MEMORY;
 170              		.loc 1 91 29 is_stmt 0 view .LVU46
 171 0036 264E     		ldr	r6, .L22+8
 172              	.LBB5:
  74:Core/Src/usart.c ****     /**USART1 GPIO Configuration
 173              		.loc 1 74 5 view .LVU47
 174 0038 42F00402 		orr	r2, r2, #4
 175 003c 9A61     		str	r2, [r3, #24]
  74:Core/Src/usart.c ****     /**USART1 GPIO Configuration
 176              		.loc 1 74 5 is_stmt 1 view .LVU48
 177 003e 9B69     		ldr	r3, [r3, #24]
 178              	.LBE5:
  79:Core/Src/usart.c ****     GPIO_InitStruct.Mode = GPIO_MODE_AF_PP;
 179              		.loc 1 79 25 is_stmt 0 view .LVU49
 180 0040 4FF40072 		mov	r2, #512
 181              	.LBB6:
  74:Core/Src/usart.c ****     /**USART1 GPIO Configuration
 182              		.loc 1 74 5 view .LVU50
 183 0044 03F00403 		and	r3, r3, #4
 184 0048 0193     		str	r3, [sp, #4]
  74:Core/Src/usart.c ****     /**USART1 GPIO Configuration
 185              		.loc 1 74 5 is_stmt 1 view .LVU51
 186 004a 0199     		ldr	r1, [sp, #4]
 187              	.LBE6:
ARM GAS  C:\Users\WENHUA~1\AppData\Local\Temp\ccDazW27.s 			page 7


  74:Core/Src/usart.c ****     /**USART1 GPIO Configuration
 188              		.loc 1 74 5 view .LVU52
  79:Core/Src/usart.c ****     GPIO_InitStruct.Mode = GPIO_MODE_AF_PP;
 189              		.loc 1 79 5 view .LVU53
  80:Core/Src/usart.c ****     GPIO_InitStruct.Speed = GPIO_SPEED_FREQ_HIGH;
 190              		.loc 1 80 5 view .LVU54
  81:Core/Src/usart.c ****     HAL_GPIO_Init(GPIOA, &GPIO_InitStruct);
 191              		.loc 1 81 27 is_stmt 0 view .LVU55
 192 004c 0321     		movs	r1, #3
  79:Core/Src/usart.c ****     GPIO_InitStruct.Mode = GPIO_MODE_AF_PP;
 193              		.loc 1 79 25 view .LVU56
 194 004e 0223     		movs	r3, #2
  81:Core/Src/usart.c ****     HAL_GPIO_Init(GPIOA, &GPIO_InitStruct);
 195              		.loc 1 81 27 view .LVU57
 196 0050 0591     		str	r1, [sp, #20]
  82:Core/Src/usart.c **** 
 197              		.loc 1 82 5 view .LVU58
 198 0052 02A9     		add	r1, sp, #8
  79:Core/Src/usart.c ****     GPIO_InitStruct.Mode = GPIO_MODE_AF_PP;
 199              		.loc 1 79 25 view .LVU59
 200 0054 CDE90223 		strd	r2, [sp, #8]
  81:Core/Src/usart.c ****     HAL_GPIO_Init(GPIOA, &GPIO_InitStruct);
 201              		.loc 1 81 5 is_stmt 1 view .LVU60
  82:Core/Src/usart.c **** 
 202              		.loc 1 82 5 view .LVU61
 203 0058 FFF7FEFF 		bl	HAL_GPIO_Init
 204              	.LVL4:
  84:Core/Src/usart.c ****     GPIO_InitStruct.Mode = GPIO_MODE_INPUT;
 205              		.loc 1 84 5 view .LVU62
  85:Core/Src/usart.c ****     GPIO_InitStruct.Pull = GPIO_PULLUP;
 206              		.loc 1 85 5 view .LVU63
  86:Core/Src/usart.c ****     HAL_GPIO_Init(GPIOA, &GPIO_InitStruct);
 207              		.loc 1 86 26 is_stmt 0 view .LVU64
 208 005c 0120     		movs	r0, #1
  84:Core/Src/usart.c ****     GPIO_InitStruct.Mode = GPIO_MODE_INPUT;
 209              		.loc 1 84 25 view .LVU65
 210 005e 4FF48062 		mov	r2, #1024
 211 0062 0023     		movs	r3, #0
  86:Core/Src/usart.c ****     HAL_GPIO_Init(GPIOA, &GPIO_InitStruct);
 212              		.loc 1 86 26 view .LVU66
 213 0064 0490     		str	r0, [sp, #16]
  87:Core/Src/usart.c **** 
 214              		.loc 1 87 5 view .LVU67
 215 0066 02A9     		add	r1, sp, #8
 216 0068 1848     		ldr	r0, .L22+4
  84:Core/Src/usart.c ****     GPIO_InitStruct.Mode = GPIO_MODE_INPUT;
 217              		.loc 1 84 25 view .LVU68
 218 006a CDE90223 		strd	r2, [sp, #8]
  86:Core/Src/usart.c ****     HAL_GPIO_Init(GPIOA, &GPIO_InitStruct);
 219              		.loc 1 86 5 is_stmt 1 view .LVU69
  87:Core/Src/usart.c **** 
 220              		.loc 1 87 5 view .LVU70
 221 006e FFF7FEFF 		bl	HAL_GPIO_Init
 222              	.LVL5:
  91:Core/Src/usart.c ****     hdma_usart1_rx.Init.Direction = DMA_PERIPH_TO_MEMORY;
 223              		.loc 1 91 5 view .LVU71
  94:Core/Src/usart.c ****     hdma_usart1_rx.Init.PeriphDataAlignment = DMA_PDATAALIGN_BYTE;
ARM GAS  C:\Users\WENHUA~1\AppData\Local\Temp\ccDazW27.s 			page 8


 224              		.loc 1 94 32 is_stmt 0 view .LVU72
 225 0072 8023     		movs	r3, #128
  91:Core/Src/usart.c ****     hdma_usart1_rx.Init.Direction = DMA_PERIPH_TO_MEMORY;
 226              		.loc 1 91 29 view .LVU73
 227 0074 174A     		ldr	r2, .L22+12
  99:Core/Src/usart.c ****     {
 228              		.loc 1 99 9 view .LVU74
 229 0076 3046     		mov	r0, r6
  91:Core/Src/usart.c ****     hdma_usart1_rx.Init.Direction = DMA_PERIPH_TO_MEMORY;
 230              		.loc 1 91 29 view .LVU75
 231 0078 C6E90024 		strd	r2, r4, [r6]
  92:Core/Src/usart.c ****     hdma_usart1_rx.Init.PeriphInc = DMA_PINC_DISABLE;
 232              		.loc 1 92 5 is_stmt 1 view .LVU76
  93:Core/Src/usart.c ****     hdma_usart1_rx.Init.MemInc = DMA_MINC_ENABLE;
 233              		.loc 1 93 5 view .LVU77
  96:Core/Src/usart.c ****     hdma_usart1_rx.Init.Mode = DMA_NORMAL;
 234              		.loc 1 96 42 is_stmt 0 view .LVU78
 235 007c C6E90444 		strd	r4, r4, [r6, #16]
  98:Core/Src/usart.c ****     if (HAL_DMA_Init(&hdma_usart1_rx) != HAL_OK)
 236              		.loc 1 98 34 view .LVU79
 237 0080 C6E90644 		strd	r4, r4, [r6, #24]
  93:Core/Src/usart.c ****     hdma_usart1_rx.Init.MemInc = DMA_MINC_ENABLE;
 238              		.loc 1 93 35 view .LVU80
 239 0084 B460     		str	r4, [r6, #8]
  94:Core/Src/usart.c ****     hdma_usart1_rx.Init.PeriphDataAlignment = DMA_PDATAALIGN_BYTE;
 240              		.loc 1 94 5 is_stmt 1 view .LVU81
  94:Core/Src/usart.c ****     hdma_usart1_rx.Init.PeriphDataAlignment = DMA_PDATAALIGN_BYTE;
 241              		.loc 1 94 32 is_stmt 0 view .LVU82
 242 0086 F360     		str	r3, [r6, #12]
  95:Core/Src/usart.c ****     hdma_usart1_rx.Init.MemDataAlignment = DMA_MDATAALIGN_BYTE;
 243              		.loc 1 95 5 is_stmt 1 view .LVU83
  96:Core/Src/usart.c ****     hdma_usart1_rx.Init.Mode = DMA_NORMAL;
 244              		.loc 1 96 5 view .LVU84
  97:Core/Src/usart.c ****     hdma_usart1_rx.Init.Priority = DMA_PRIORITY_LOW;
 245              		.loc 1 97 5 view .LVU85
  98:Core/Src/usart.c ****     if (HAL_DMA_Init(&hdma_usart1_rx) != HAL_OK)
 246              		.loc 1 98 5 view .LVU86
  99:Core/Src/usart.c ****     {
 247              		.loc 1 99 5 view .LVU87
  99:Core/Src/usart.c ****     {
 248              		.loc 1 99 9 is_stmt 0 view .LVU88
 249 0088 FFF7FEFF 		bl	HAL_DMA_Init
 250              	.LVL6:
  99:Core/Src/usart.c ****     {
 251              		.loc 1 99 8 view .LVU89
 252 008c B0B9     		cbnz	r0, .L20
 253              	.L10:
 104:Core/Src/usart.c **** 
 254              		.loc 1 104 5 is_stmt 1 view .LVU90
 104:Core/Src/usart.c **** 
 255              		.loc 1 104 5 view .LVU91
 109:Core/Src/usart.c ****     hdma_usart1_tx.Init.MemInc = DMA_MINC_ENABLE;
 256              		.loc 1 109 35 is_stmt 0 view .LVU92
 257 008e 0023     		movs	r3, #0
 110:Core/Src/usart.c ****     hdma_usart1_tx.Init.PeriphDataAlignment = DMA_PDATAALIGN_BYTE;
 258              		.loc 1 110 32 view .LVU93
 259 0090 8022     		movs	r2, #128
ARM GAS  C:\Users\WENHUA~1\AppData\Local\Temp\ccDazW27.s 			page 9


 108:Core/Src/usart.c ****     hdma_usart1_tx.Init.PeriphInc = DMA_PINC_DISABLE;
 260              		.loc 1 108 35 view .LVU94
 261 0092 1021     		movs	r1, #16
 107:Core/Src/usart.c ****     hdma_usart1_tx.Init.Direction = DMA_MEMORY_TO_PERIPH;
 262              		.loc 1 107 29 view .LVU95
 263 0094 104C     		ldr	r4, .L22+16
 104:Core/Src/usart.c **** 
 264              		.loc 1 104 5 view .LVU96
 265 0096 AE63     		str	r6, [r5, #56]
 104:Core/Src/usart.c **** 
 266              		.loc 1 104 5 is_stmt 1 view .LVU97
 110:Core/Src/usart.c ****     hdma_usart1_tx.Init.PeriphDataAlignment = DMA_PDATAALIGN_BYTE;
 267              		.loc 1 110 32 is_stmt 0 view .LVU98
 268 0098 C4E90232 		strd	r3, r2, [r4, #8]
 112:Core/Src/usart.c ****     hdma_usart1_tx.Init.Mode = DMA_NORMAL;
 269              		.loc 1 112 42 view .LVU99
 270 009c C4E90433 		strd	r3, r3, [r4, #16]
 114:Core/Src/usart.c ****     if (HAL_DMA_Init(&hdma_usart1_tx) != HAL_OK)
 271              		.loc 1 114 34 view .LVU100
 272 00a0 C4E90633 		strd	r3, r3, [r4, #24]
 107:Core/Src/usart.c ****     hdma_usart1_tx.Init.Direction = DMA_MEMORY_TO_PERIPH;
 273              		.loc 1 107 29 view .LVU101
 274 00a4 0D4B     		ldr	r3, .L22+20
 115:Core/Src/usart.c ****     {
 275              		.loc 1 115 9 view .LVU102
 276 00a6 2046     		mov	r0, r4
 104:Core/Src/usart.c **** 
 277              		.loc 1 104 5 view .LVU103
 278 00a8 7562     		str	r5, [r6, #36]
 104:Core/Src/usart.c **** 
 279              		.loc 1 104 5 is_stmt 1 view .LVU104
 107:Core/Src/usart.c ****     hdma_usart1_tx.Init.Direction = DMA_MEMORY_TO_PERIPH;
 280              		.loc 1 107 5 view .LVU105
 108:Core/Src/usart.c ****     hdma_usart1_tx.Init.PeriphInc = DMA_PINC_DISABLE;
 281              		.loc 1 108 35 is_stmt 0 view .LVU106
 282 00aa 6160     		str	r1, [r4, #4]
 107:Core/Src/usart.c ****     hdma_usart1_tx.Init.Direction = DMA_MEMORY_TO_PERIPH;
 283              		.loc 1 107 29 view .LVU107
 284 00ac 2360     		str	r3, [r4]
 108:Core/Src/usart.c ****     hdma_usart1_tx.Init.PeriphInc = DMA_PINC_DISABLE;
 285              		.loc 1 108 5 is_stmt 1 view .LVU108
 109:Core/Src/usart.c ****     hdma_usart1_tx.Init.MemInc = DMA_MINC_ENABLE;
 286              		.loc 1 109 5 view .LVU109
 110:Core/Src/usart.c ****     hdma_usart1_tx.Init.PeriphDataAlignment = DMA_PDATAALIGN_BYTE;
 287              		.loc 1 110 5 view .LVU110
 111:Core/Src/usart.c ****     hdma_usart1_tx.Init.MemDataAlignment = DMA_MDATAALIGN_BYTE;
 288              		.loc 1 111 5 view .LVU111
 112:Core/Src/usart.c ****     hdma_usart1_tx.Init.Mode = DMA_NORMAL;
 289              		.loc 1 112 5 view .LVU112
 113:Core/Src/usart.c ****     hdma_usart1_tx.Init.Priority = DMA_PRIORITY_LOW;
 290              		.loc 1 113 5 view .LVU113
 114:Core/Src/usart.c ****     if (HAL_DMA_Init(&hdma_usart1_tx) != HAL_OK)
 291              		.loc 1 114 5 view .LVU114
 115:Core/Src/usart.c ****     {
 292              		.loc 1 115 5 view .LVU115
 115:Core/Src/usart.c ****     {
 293              		.loc 1 115 9 is_stmt 0 view .LVU116
ARM GAS  C:\Users\WENHUA~1\AppData\Local\Temp\ccDazW27.s 			page 10


 294 00ae FFF7FEFF 		bl	HAL_DMA_Init
 295              	.LVL7:
 115:Core/Src/usart.c ****     {
 296              		.loc 1 115 8 view .LVU117
 297 00b2 30B9     		cbnz	r0, .L21
 298              	.L11:
 120:Core/Src/usart.c **** 
 299              		.loc 1 120 5 is_stmt 1 view .LVU118
 120:Core/Src/usart.c **** 
 300              		.loc 1 120 5 view .LVU119
 301 00b4 6C63     		str	r4, [r5, #52]
 120:Core/Src/usart.c **** 
 302              		.loc 1 120 5 view .LVU120
 303 00b6 6562     		str	r5, [r4, #36]
 120:Core/Src/usart.c **** 
 304              		.loc 1 120 5 view .LVU121
 305              		.loc 1 126 1 is_stmt 0 view .LVU122
 306 00b8 06B0     		add	sp, sp, #24
 307              	.LCFI6:
 308              		.cfi_remember_state
 309              		.cfi_def_cfa_offset 16
 310              		@ sp needed
 311 00ba 70BD     		pop	{r4, r5, r6, pc}
 312              	.LVL8:
 313              	.L20:
 314              	.LCFI7:
 315              		.cfi_restore_state
 101:Core/Src/usart.c ****     }
 316              		.loc 1 101 7 is_stmt 1 view .LVU123
 317 00bc FFF7FEFF 		bl	Error_Handler
 318              	.LVL9:
 319 00c0 E5E7     		b	.L10
 320              	.L21:
 117:Core/Src/usart.c ****     }
 321              		.loc 1 117 7 view .LVU124
 322 00c2 FFF7FEFF 		bl	Error_Handler
 323              	.LVL10:
 324 00c6 F5E7     		b	.L11
 325              	.L23:
 326              		.align	2
 327              	.L22:
 328 00c8 00380140 		.word	1073821696
 329 00cc 00080140 		.word	1073809408
 330 00d0 00000000 		.word	.LANCHOR1
 331 00d4 58000240 		.word	1073872984
 332 00d8 00000000 		.word	.LANCHOR2
 333 00dc 44000240 		.word	1073872964
 334              		.cfi_endproc
 335              	.LFE69:
 337              		.section	.text.HAL_UART_MspDeInit,"ax",%progbits
 338              		.align	1
 339              		.p2align 2,,3
 340              		.global	HAL_UART_MspDeInit
 341              		.syntax unified
 342              		.thumb
 343              		.thumb_func
 345              	HAL_UART_MspDeInit:
ARM GAS  C:\Users\WENHUA~1\AppData\Local\Temp\ccDazW27.s 			page 11


 346              	.LVL11:
 347              	.LFB70:
 127:Core/Src/usart.c **** 
 128:Core/Src/usart.c **** void HAL_UART_MspDeInit(UART_HandleTypeDef* uartHandle)
 129:Core/Src/usart.c **** {
 348              		.loc 1 129 1 view -0
 349              		.cfi_startproc
 350              		@ args = 0, pretend = 0, frame = 0
 351              		@ frame_needed = 0, uses_anonymous_args = 0
 130:Core/Src/usart.c **** 
 131:Core/Src/usart.c ****   if(uartHandle->Instance==USART1)
 352              		.loc 1 131 3 view .LVU126
 353              		.loc 1 131 5 is_stmt 0 view .LVU127
 354 0000 0D4B     		ldr	r3, .L30
 355 0002 0268     		ldr	r2, [r0]
 356 0004 9A42     		cmp	r2, r3
 357 0006 00D0     		beq	.L29
 358 0008 7047     		bx	lr
 359              	.L29:
 132:Core/Src/usart.c ****   {
 133:Core/Src/usart.c ****   /* USER CODE BEGIN USART1_MspDeInit 0 */
 134:Core/Src/usart.c **** 
 135:Core/Src/usart.c ****   /* USER CODE END USART1_MspDeInit 0 */
 136:Core/Src/usart.c ****     /* Peripheral clock disable */
 137:Core/Src/usart.c ****     __HAL_RCC_USART1_CLK_DISABLE();
 360              		.loc 1 137 5 is_stmt 1 view .LVU128
 129:Core/Src/usart.c **** 
 361              		.loc 1 129 1 is_stmt 0 view .LVU129
 362 000a 10B5     		push	{r4, lr}
 363              	.LCFI8:
 364              		.cfi_def_cfa_offset 8
 365              		.cfi_offset 4, -8
 366              		.cfi_offset 14, -4
 367 000c 0446     		mov	r4, r0
 368              		.loc 1 137 5 view .LVU130
 369 000e 0B4A     		ldr	r2, .L30+4
 138:Core/Src/usart.c **** 
 139:Core/Src/usart.c ****     /**USART1 GPIO Configuration
 140:Core/Src/usart.c ****     PA9     ------> USART1_TX
 141:Core/Src/usart.c ****     PA10     ------> USART1_RX
 142:Core/Src/usart.c ****     */
 143:Core/Src/usart.c ****     HAL_GPIO_DeInit(GPIOA, GPIO_PIN_9|GPIO_PIN_10);
 370              		.loc 1 143 5 view .LVU131
 371 0010 4FF4C061 		mov	r1, #1536
 137:Core/Src/usart.c **** 
 372              		.loc 1 137 5 view .LVU132
 373 0014 9369     		ldr	r3, [r2, #24]
 374              		.loc 1 143 5 view .LVU133
 375 0016 0A48     		ldr	r0, .L30+8
 376              	.LVL12:
 137:Core/Src/usart.c **** 
 377              		.loc 1 137 5 view .LVU134
 378 0018 23F48043 		bic	r3, r3, #16384
 379 001c 9361     		str	r3, [r2, #24]
 380              		.loc 1 143 5 is_stmt 1 view .LVU135
 381 001e FFF7FEFF 		bl	HAL_GPIO_DeInit
 382              	.LVL13:
ARM GAS  C:\Users\WENHUA~1\AppData\Local\Temp\ccDazW27.s 			page 12


 144:Core/Src/usart.c **** 
 145:Core/Src/usart.c ****     /* USART1 DMA DeInit */
 146:Core/Src/usart.c ****     HAL_DMA_DeInit(uartHandle->hdmarx);
 383              		.loc 1 146 5 view .LVU136
 384 0022 A06B     		ldr	r0, [r4, #56]
 385 0024 FFF7FEFF 		bl	HAL_DMA_DeInit
 386              	.LVL14:
 147:Core/Src/usart.c ****     HAL_DMA_DeInit(uartHandle->hdmatx);
 387              		.loc 1 147 5 view .LVU137
 388 0028 606B     		ldr	r0, [r4, #52]
 389 002a FFF7FEFF 		bl	HAL_DMA_DeInit
 390              	.LVL15:
 148:Core/Src/usart.c **** 
 149:Core/Src/usart.c ****     /* USART1 interrupt Deinit */
 150:Core/Src/usart.c ****     HAL_NVIC_DisableIRQ(USART1_IRQn);
 391              		.loc 1 150 5 view .LVU138
 151:Core/Src/usart.c ****   /* USER CODE BEGIN USART1_MspDeInit 1 */
 152:Core/Src/usart.c **** 
 153:Core/Src/usart.c ****   /* USER CODE END USART1_MspDeInit 1 */
 154:Core/Src/usart.c ****   }
 155:Core/Src/usart.c **** }
 392              		.loc 1 155 1 is_stmt 0 view .LVU139
 393 002e BDE81040 		pop	{r4, lr}
 394              	.LCFI9:
 395              		.cfi_restore 14
 396              		.cfi_restore 4
 397              		.cfi_def_cfa_offset 0
 398              	.LVL16:
 150:Core/Src/usart.c ****   /* USER CODE BEGIN USART1_MspDeInit 1 */
 399              		.loc 1 150 5 view .LVU140
 400 0032 2520     		movs	r0, #37
 401 0034 FFF7FEBF 		b	HAL_NVIC_DisableIRQ
 402              	.LVL17:
 403              	.L31:
 404              		.align	2
 405              	.L30:
 406 0038 00380140 		.word	1073821696
 407 003c 00100240 		.word	1073876992
 408 0040 00080140 		.word	1073809408
 409              		.cfi_endproc
 410              	.LFE70:
 412              		.section	.text.__io_putchar,"ax",%progbits
 413              		.align	1
 414              		.p2align 2,,3
 415              		.global	__io_putchar
 416              		.syntax unified
 417              		.thumb
 418              		.thumb_func
 420              	__io_putchar:
 421              	.LVL18:
 422              	.LFB71:
 156:Core/Src/usart.c **** 
 157:Core/Src/usart.c **** /* USER CODE BEGIN 1 */
 158:Core/Src/usart.c **** #ifdef __GNUC__  
 159:Core/Src/usart.c **** /* With GCC/RAISONANCE, small printf (option LD Linker->Libraries->Small printf set to 'Yes') calls
 160:Core/Src/usart.c **** #define PUTCHAR_PROTOTYPE int __io_putchar(int ch)
 161:Core/Src/usart.c **** #else
ARM GAS  C:\Users\WENHUA~1\AppData\Local\Temp\ccDazW27.s 			page 13


 162:Core/Src/usart.c **** #define PUTCHAR_PROTOTYPE int fputc(int ch, FILE *f)
 163:Core/Src/usart.c **** #endif /* __GNUC__ */
 164:Core/Src/usart.c **** 
 165:Core/Src/usart.c **** PUTCHAR_PROTOTYPE
 166:Core/Src/usart.c **** {
 423              		.loc 1 166 1 is_stmt 1 view -0
 424              		.cfi_startproc
 425              		@ args = 0, pretend = 0, frame = 8
 426              		@ frame_needed = 0, uses_anonymous_args = 0
 167:Core/Src/usart.c ****   HAL_UART_Transmit(&huart1 , (uint8_t *)&ch, 1, 0xFFFF);
 427              		.loc 1 167 3 view .LVU142
 166:Core/Src/usart.c ****   HAL_UART_Transmit(&huart1 , (uint8_t *)&ch, 1, 0xFFFF);
 428              		.loc 1 166 1 is_stmt 0 view .LVU143
 429 0000 00B5     		push	{lr}
 430              	.LCFI10:
 431              		.cfi_def_cfa_offset 4
 432              		.cfi_offset 14, -4
 433 0002 83B0     		sub	sp, sp, #12
 434              	.LCFI11:
 435              		.cfi_def_cfa_offset 16
 166:Core/Src/usart.c ****   HAL_UART_Transmit(&huart1 , (uint8_t *)&ch, 1, 0xFFFF);
 436              		.loc 1 166 1 view .LVU144
 437 0004 0190     		str	r0, [sp, #4]
 438              		.loc 1 167 3 view .LVU145
 439 0006 4FF6FF73 		movw	r3, #65535
 440 000a 0122     		movs	r2, #1
 441 000c 01A9     		add	r1, sp, #4
 442 000e 0348     		ldr	r0, .L34
 443              	.LVL19:
 444              		.loc 1 167 3 view .LVU146
 445 0010 FFF7FEFF 		bl	HAL_UART_Transmit
 446              	.LVL20:
 168:Core/Src/usart.c ****   return ch;
 447              		.loc 1 168 3 is_stmt 1 view .LVU147
 169:Core/Src/usart.c **** }
 448              		.loc 1 169 1 is_stmt 0 view .LVU148
 449 0014 0198     		ldr	r0, [sp, #4]
 450 0016 03B0     		add	sp, sp, #12
 451              	.LCFI12:
 452              		.cfi_def_cfa_offset 4
 453              		@ sp needed
 454 0018 5DF804FB 		ldr	pc, [sp], #4
 455              	.L35:
 456              		.align	2
 457              	.L34:
 458 001c 00000000 		.word	.LANCHOR0
 459              		.cfi_endproc
 460              	.LFE71:
 462              		.section	.text.Usart1SendData_DMA,"ax",%progbits
 463              		.align	1
 464              		.p2align 2,,3
 465              		.global	Usart1SendData_DMA
 466              		.syntax unified
 467              		.thumb
 468              		.thumb_func
 470              	Usart1SendData_DMA:
 471              	.LVL21:
ARM GAS  C:\Users\WENHUA~1\AppData\Local\Temp\ccDazW27.s 			page 14


 472              	.LFB72:
 170:Core/Src/usart.c **** 
 171:Core/Src/usart.c **** void Usart1SendData_DMA(uint8_t *pdata, uint16_t Length)
 172:Core/Src/usart.c **** {
 473              		.loc 1 172 1 is_stmt 1 view -0
 474              		.cfi_startproc
 475              		@ args = 0, pretend = 0, frame = 0
 476              		@ frame_needed = 0, uses_anonymous_args = 0
 477              		@ link register save eliminated.
 173:Core/Src/usart.c ****   while(UsartType1.dmaSend_flag == USART_DMA_SENDING);
 478              		.loc 1 173 3 view .LVU150
 172:Core/Src/usart.c ****   while(UsartType1.dmaSend_flag == USART_DMA_SENDING);
 479              		.loc 1 172 1 is_stmt 0 view .LVU151
 480 0000 10B4     		push	{r4}
 481              	.LCFI13:
 482              		.cfi_def_cfa_offset 4
 483              		.cfi_offset 4, -4
 484              		.loc 1 173 33 view .LVU152
 485 0002 074C     		ldr	r4, .L40
 486 0004 2378     		ldrb	r3, [r4]	@ zero_extendqisi2
 487 0006 9A07     		lsls	r2, r3, #30
 488 0008 00D5     		bpl	.L37
 489              	.L38:
 490              		.loc 1 173 54 is_stmt 1 discriminator 1 view .LVU153
 491              		.loc 1 173 8 discriminator 1 view .LVU154
 492              		.loc 1 173 54 discriminator 1 view .LVU155
 493              		.loc 1 173 8 discriminator 1 view .LVU156
 494 000a FEE7     		b	.L38
 495              	.L37:
 174:Core/Src/usart.c ****   UsartType1.dmaSend_flag = USART_DMA_SENDING;
 496              		.loc 1 174 27 is_stmt 0 view .LVU157
 497 000c 43F00203 		orr	r3, r3, #2
 498 0010 0A46     		mov	r2, r1
 173:Core/Src/usart.c ****   while(UsartType1.dmaSend_flag == USART_DMA_SENDING);
 499              		.loc 1 173 54 is_stmt 1 view .LVU158
 173:Core/Src/usart.c ****   while(UsartType1.dmaSend_flag == USART_DMA_SENDING);
 500              		.loc 1 173 8 view .LVU159
 501              		.loc 1 174 3 view .LVU160
 502              		.loc 1 174 27 is_stmt 0 view .LVU161
 503 0012 2370     		strb	r3, [r4]
 175:Core/Src/usart.c ****   HAL_UART_Transmit_DMA(&huart1, pdata, Length);
 504              		.loc 1 175 3 is_stmt 1 view .LVU162
 505 0014 0146     		mov	r1, r0
 506              	.LVL22:
 176:Core/Src/usart.c **** }
 507              		.loc 1 176 1 is_stmt 0 view .LVU163
 508 0016 10BC     		pop	{r4}
 509              	.LCFI14:
 510              		.cfi_restore 4
 511              		.cfi_def_cfa_offset 0
 175:Core/Src/usart.c ****   HAL_UART_Transmit_DMA(&huart1, pdata, Length);
 512              		.loc 1 175 3 view .LVU164
 513 0018 0248     		ldr	r0, .L40+4
 514              	.LVL23:
 175:Core/Src/usart.c ****   HAL_UART_Transmit_DMA(&huart1, pdata, Length);
 515              		.loc 1 175 3 view .LVU165
 516 001a FFF7FEBF 		b	HAL_UART_Transmit_DMA
ARM GAS  C:\Users\WENHUA~1\AppData\Local\Temp\ccDazW27.s 			page 15


 517              	.LVL24:
 518              	.L41:
 175:Core/Src/usart.c ****   HAL_UART_Transmit_DMA(&huart1, pdata, Length);
 519              		.loc 1 175 3 view .LVU166
 520 001e 00BF     		.align	2
 521              	.L40:
 522 0020 00000000 		.word	.LANCHOR3
 523 0024 00000000 		.word	.LANCHOR0
 524              		.cfi_endproc
 525              	.LFE72:
 527              		.section	.text.HAL_UART_TxCpltCallback,"ax",%progbits
 528              		.align	1
 529              		.p2align 2,,3
 530              		.global	HAL_UART_TxCpltCallback
 531              		.syntax unified
 532              		.thumb
 533              		.thumb_func
 535              	HAL_UART_TxCpltCallback:
 536              	.LVL25:
 537              	.LFB73:
 177:Core/Src/usart.c **** 
 178:Core/Src/usart.c **** void HAL_UART_TxCpltCallback(UART_HandleTypeDef *huart)
 179:Core/Src/usart.c **** {
 538              		.loc 1 179 1 is_stmt 1 view -0
 539              		.cfi_startproc
 540              		@ args = 0, pretend = 0, frame = 0
 541              		@ frame_needed = 0, uses_anonymous_args = 0
 542              		@ link register save eliminated.
 180:Core/Src/usart.c ****   __HAL_DMA_DISABLE(huart->hdmatx);
 543              		.loc 1 180 3 view .LVU168
 181:Core/Src/usart.c ****   if(huart->Instance == huart1.Instance)
 544              		.loc 1 181 31 is_stmt 0 view .LVU169
 545 0000 084B     		ldr	r3, .L45
 546              		.loc 1 181 5 view .LVU170
 547 0002 1968     		ldr	r1, [r3]
 180:Core/Src/usart.c ****   __HAL_DMA_DISABLE(huart->hdmatx);
 548              		.loc 1 180 3 view .LVU171
 549 0004 436B     		ldr	r3, [r0, #52]
 550              		.loc 1 181 5 view .LVU172
 551 0006 0068     		ldr	r0, [r0]
 552              	.LVL26:
 180:Core/Src/usart.c ****   __HAL_DMA_DISABLE(huart->hdmatx);
 553              		.loc 1 180 3 view .LVU173
 554 0008 1A68     		ldr	r2, [r3]
 555              		.loc 1 181 5 view .LVU174
 556 000a 8842     		cmp	r0, r1
 180:Core/Src/usart.c ****   __HAL_DMA_DISABLE(huart->hdmatx);
 557              		.loc 1 180 3 view .LVU175
 558 000c 1368     		ldr	r3, [r2]
 559 000e 23F00103 		bic	r3, r3, #1
 560 0012 1360     		str	r3, [r2]
 561              		.loc 1 181 3 is_stmt 1 view .LVU176
 562              		.loc 1 181 5 is_stmt 0 view .LVU177
 563 0014 00D0     		beq	.L44
 182:Core/Src/usart.c ****     UsartType1.dmaSend_flag = USART_DMA_SENDOVER;
 183:Core/Src/usart.c **** }
 564              		.loc 1 183 1 view .LVU178
ARM GAS  C:\Users\WENHUA~1\AppData\Local\Temp\ccDazW27.s 			page 16


 565 0016 7047     		bx	lr
 566              	.L44:
 182:Core/Src/usart.c ****     UsartType1.dmaSend_flag = USART_DMA_SENDOVER;
 567              		.loc 1 182 5 is_stmt 1 view .LVU179
 182:Core/Src/usart.c ****     UsartType1.dmaSend_flag = USART_DMA_SENDOVER;
 568              		.loc 1 182 29 is_stmt 0 view .LVU180
 569 0018 034B     		ldr	r3, .L45+4
 570 001a 1A78     		ldrb	r2, [r3]	@ zero_extendqisi2
 571 001c 6FF34102 		bfc	r2, #1, #1
 572 0020 1A70     		strb	r2, [r3]
 573              		.loc 1 183 1 view .LVU181
 574 0022 7047     		bx	lr
 575              	.L46:
 576              		.align	2
 577              	.L45:
 578 0024 00000000 		.word	.LANCHOR0
 579 0028 00000000 		.word	.LANCHOR3
 580              		.cfi_endproc
 581              	.LFE73:
 583              		.section	.text.UsartReceive_IDLE,"ax",%progbits
 584              		.align	1
 585              		.p2align 2,,3
 586              		.global	UsartReceive_IDLE
 587              		.syntax unified
 588              		.thumb
 589              		.thumb_func
 591              	UsartReceive_IDLE:
 592              	.LVL27:
 593              	.LFB74:
 184:Core/Src/usart.c **** 
 185:Core/Src/usart.c **** void UsartReceive_IDLE(UART_HandleTypeDef *huart)
 186:Core/Src/usart.c **** {
 594              		.loc 1 186 1 is_stmt 1 view -0
 595              		.cfi_startproc
 596              		@ args = 0, pretend = 0, frame = 8
 597              		@ frame_needed = 0, uses_anonymous_args = 0
 187:Core/Src/usart.c ****   uint32_t temp;
 598              		.loc 1 187 3 view .LVU183
 188:Core/Src/usart.c ****   
 189:Core/Src/usart.c ****   if ((__HAL_UART_GET_FLAG(huart,UART_FLAG_IDLE) != RESET)) {
 599              		.loc 1 189 3 view .LVU184
 600              		.loc 1 189 8 is_stmt 0 view .LVU185
 601 0000 0368     		ldr	r3, [r0]
 602 0002 1A68     		ldr	r2, [r3]
 603              		.loc 1 189 6 view .LVU186
 604 0004 D206     		lsls	r2, r2, #27
 605 0006 00D4     		bmi	.L55
 606 0008 7047     		bx	lr
 607              	.L55:
 608              	.LBB7:
 190:Core/Src/usart.c ****     __HAL_UART_CLEAR_IDLEFLAG(huart);
 609              		.loc 1 190 5 view .LVU187
 610 000a 0022     		movs	r2, #0
 611              	.LBE7:
 186:Core/Src/usart.c ****   uint32_t temp;
 612              		.loc 1 186 1 view .LVU188
 613 000c 10B5     		push	{r4, lr}
ARM GAS  C:\Users\WENHUA~1\AppData\Local\Temp\ccDazW27.s 			page 17


 614              	.LCFI15:
 615              		.cfi_def_cfa_offset 8
 616              		.cfi_offset 4, -8
 617              		.cfi_offset 14, -4
 618 000e 0446     		mov	r4, r0
 619              		.loc 1 190 5 is_stmt 1 view .LVU189
 620              	.LBB8:
 621              		.loc 1 190 5 view .LVU190
 622              	.LBE8:
 186:Core/Src/usart.c ****   uint32_t temp;
 623              		.loc 1 186 1 is_stmt 0 view .LVU191
 624 0010 82B0     		sub	sp, sp, #8
 625              	.LCFI16:
 626              		.cfi_def_cfa_offset 16
 627              	.LBB9:
 628              		.loc 1 190 5 view .LVU192
 629 0012 0192     		str	r2, [sp, #4]
 630              		.loc 1 190 5 is_stmt 1 view .LVU193
 631 0014 1A68     		ldr	r2, [r3]
 632 0016 0192     		str	r2, [sp, #4]
 633              		.loc 1 190 5 view .LVU194
 634 0018 5B68     		ldr	r3, [r3, #4]
 635 001a 0193     		str	r3, [sp, #4]
 636              		.loc 1 190 5 view .LVU195
 637 001c 019B     		ldr	r3, [sp, #4]
 638              	.LBE9:
 639              		.loc 1 190 5 view .LVU196
 191:Core/Src/usart.c ****     HAL_UART_DMAStop(huart);
 640              		.loc 1 191 5 view .LVU197
 641 001e FFF7FEFF 		bl	HAL_UART_DMAStop
 642              	.LVL28:
 192:Core/Src/usart.c ****     if (huart->Instance == huart1.Instance) {
 643              		.loc 1 192 5 view .LVU198
 644              		.loc 1 192 34 is_stmt 0 view .LVU199
 645 0022 0C48     		ldr	r0, .L57
 646              		.loc 1 192 8 view .LVU200
 647 0024 2268     		ldr	r2, [r4]
 648 0026 0368     		ldr	r3, [r0]
 649 0028 9A42     		cmp	r2, r3
 650 002a 01D0     		beq	.L56
 193:Core/Src/usart.c ****       temp = huart1.hdmarx->Instance->CNDTR;
 194:Core/Src/usart.c ****       UsartType1.rx_len =  RECEIVELEN - temp;
 195:Core/Src/usart.c ****       UsartType1.receive_flag=1;
 196:Core/Src/usart.c ****       HAL_UART_Receive_DMA(&huart1,UsartType1.usartDMA_rxBuf,RECEIVELEN);
 197:Core/Src/usart.c ****     }
 198:Core/Src/usart.c ****   }
 199:Core/Src/usart.c **** }
 651              		.loc 1 199 1 view .LVU201
 652 002c 02B0     		add	sp, sp, #8
 653              	.LCFI17:
 654              		.cfi_remember_state
 655              		.cfi_def_cfa_offset 8
 656              		@ sp needed
 657 002e 10BD     		pop	{r4, pc}
 658              	.LVL29:
 659              	.L56:
 660              	.LCFI18:
ARM GAS  C:\Users\WENHUA~1\AppData\Local\Temp\ccDazW27.s 			page 18


 661              		.cfi_restore_state
 193:Core/Src/usart.c ****       temp = huart1.hdmarx->Instance->CNDTR;
 662              		.loc 1 193 7 is_stmt 1 view .LVU202
 193:Core/Src/usart.c ****       temp = huart1.hdmarx->Instance->CNDTR;
 663              		.loc 1 193 27 is_stmt 0 view .LVU203
 664 0030 836B     		ldr	r3, [r0, #56]
 194:Core/Src/usart.c ****       UsartType1.receive_flag=1;
 665              		.loc 1 194 25 view .LVU204
 666 0032 0949     		ldr	r1, .L57+4
 193:Core/Src/usart.c ****       temp = huart1.hdmarx->Instance->CNDTR;
 667              		.loc 1 193 27 view .LVU205
 668 0034 1A68     		ldr	r2, [r3]
 195:Core/Src/usart.c ****       HAL_UART_Receive_DMA(&huart1,UsartType1.usartDMA_rxBuf,RECEIVELEN);
 669              		.loc 1 195 30 view .LVU206
 670 0036 0B78     		ldrb	r3, [r1]	@ zero_extendqisi2
 193:Core/Src/usart.c ****       temp = huart1.hdmarx->Instance->CNDTR;
 671              		.loc 1 193 12 view .LVU207
 672 0038 5268     		ldr	r2, [r2, #4]
 673              	.LVL30:
 194:Core/Src/usart.c ****       UsartType1.receive_flag=1;
 674              		.loc 1 194 7 is_stmt 1 view .LVU208
 195:Core/Src/usart.c ****       HAL_UART_Receive_DMA(&huart1,UsartType1.usartDMA_rxBuf,RECEIVELEN);
 675              		.loc 1 195 30 is_stmt 0 view .LVU209
 676 003a 43F00103 		orr	r3, r3, #1
 194:Core/Src/usart.c ****       UsartType1.receive_flag=1;
 677              		.loc 1 194 39 view .LVU210
 678 003e C2F16402 		rsb	r2, r2, #100
 679              	.LVL31:
 194:Core/Src/usart.c ****       UsartType1.receive_flag=1;
 680              		.loc 1 194 25 view .LVU211
 681 0042 4A80     		strh	r2, [r1, #2]	@ movhi
 195:Core/Src/usart.c ****       HAL_UART_Receive_DMA(&huart1,UsartType1.usartDMA_rxBuf,RECEIVELEN);
 682              		.loc 1 195 7 is_stmt 1 view .LVU212
 196:Core/Src/usart.c ****     }
 683              		.loc 1 196 7 is_stmt 0 view .LVU213
 684 0044 6422     		movs	r2, #100
 195:Core/Src/usart.c ****       HAL_UART_Receive_DMA(&huart1,UsartType1.usartDMA_rxBuf,RECEIVELEN);
 685              		.loc 1 195 30 view .LVU214
 686 0046 01F8043B 		strb	r3, [r1], #4
 196:Core/Src/usart.c ****     }
 687              		.loc 1 196 7 is_stmt 1 view .LVU215
 688              		.loc 1 199 1 is_stmt 0 view .LVU216
 689 004a 02B0     		add	sp, sp, #8
 690              	.LCFI19:
 691              		.cfi_def_cfa_offset 8
 692              		@ sp needed
 693 004c BDE81040 		pop	{r4, lr}
 694              	.LCFI20:
 695              		.cfi_restore 14
 696              		.cfi_restore 4
 697              		.cfi_def_cfa_offset 0
 698              	.LVL32:
 196:Core/Src/usart.c ****     }
 699              		.loc 1 196 7 view .LVU217
 700 0050 FFF7FEBF 		b	HAL_UART_Receive_DMA
 701              	.LVL33:
 702              	.L58:
ARM GAS  C:\Users\WENHUA~1\AppData\Local\Temp\ccDazW27.s 			page 19


 703              		.align	2
 704              	.L57:
 705 0054 00000000 		.word	.LANCHOR0
 706 0058 00000000 		.word	.LANCHOR3
 707              		.cfi_endproc
 708              	.LFE74:
 710              		.global	hdma_usart1_tx
 711              		.global	hdma_usart1_rx
 712              		.global	huart1
 713              		.global	UsartType1
 714              		.section	.bss.UsartType1,"aw",%nobits
 715              		.align	2
 716              		.set	.LANCHOR3,. + 0
 719              	UsartType1:
 720 0000 00000000 		.space	104
 720      00000000 
 720      00000000 
 720      00000000 
 720      00000000 
 721              		.section	.bss.hdma_usart1_rx,"aw",%nobits
 722              		.align	2
 723              		.set	.LANCHOR1,. + 0
 726              	hdma_usart1_rx:
 727 0000 00000000 		.space	68
 727      00000000 
 727      00000000 
 727      00000000 
 727      00000000 
 728              		.section	.bss.hdma_usart1_tx,"aw",%nobits
 729              		.align	2
 730              		.set	.LANCHOR2,. + 0
 733              	hdma_usart1_tx:
 734 0000 00000000 		.space	68
 734      00000000 
 734      00000000 
 734      00000000 
 734      00000000 
 735              		.section	.bss.huart1,"aw",%nobits
 736              		.align	2
 737              		.set	.LANCHOR0,. + 0
 740              	huart1:
 741 0000 00000000 		.space	68
 741      00000000 
 741      00000000 
 741      00000000 
 741      00000000 
 742              		.text
 743              	.Letext0:
 744              		.file 2 "d:\\program files (x86)\\gnu arm embedded toolchain\\10 2021.10\\arm-none-eabi\\include\\
 745              		.file 3 "d:\\program files (x86)\\gnu arm embedded toolchain\\10 2021.10\\arm-none-eabi\\include\\
 746              		.file 4 "Drivers/CMSIS/Device/ST/STM32F1xx/Include/stm32f103xb.h"
 747              		.file 5 "Drivers/CMSIS/Device/ST/STM32F1xx/Include/stm32f1xx.h"
 748              		.file 6 "Drivers/STM32F1xx_HAL_Driver/Inc/stm32f1xx_hal_def.h"
 749              		.file 7 "Drivers/STM32F1xx_HAL_Driver/Inc/stm32f1xx_hal_gpio.h"
 750              		.file 8 "Drivers/STM32F1xx_HAL_Driver/Inc/stm32f1xx_hal_dma.h"
 751              		.file 9 "Drivers/STM32F1xx_HAL_Driver/Inc/stm32f1xx_hal_uart.h"
 752              		.file 10 "Core/Inc/usart.h"
ARM GAS  C:\Users\WENHUA~1\AppData\Local\Temp\ccDazW27.s 			page 20


 753              		.file 11 "Drivers/STM32F1xx_HAL_Driver/Inc/stm32f1xx_hal_cortex.h"
 754              		.file 12 "Core/Inc/main.h"
ARM GAS  C:\Users\WENHUA~1\AppData\Local\Temp\ccDazW27.s 			page 21


DEFINED SYMBOLS
                            *ABS*:00000000 usart.c
C:\Users\WENHUA~1\AppData\Local\Temp\ccDazW27.s:18     .text.MX_USART1_UART_Init:00000000 $t
C:\Users\WENHUA~1\AppData\Local\Temp\ccDazW27.s:25     .text.MX_USART1_UART_Init:00000000 MX_USART1_UART_Init
C:\Users\WENHUA~1\AppData\Local\Temp\ccDazW27.s:85     .text.MX_USART1_UART_Init:00000030 $d
C:\Users\WENHUA~1\AppData\Local\Temp\ccDazW27.s:91     .text.HAL_UART_MspInit:00000000 $t
C:\Users\WENHUA~1\AppData\Local\Temp\ccDazW27.s:98     .text.HAL_UART_MspInit:00000000 HAL_UART_MspInit
C:\Users\WENHUA~1\AppData\Local\Temp\ccDazW27.s:328    .text.HAL_UART_MspInit:000000c8 $d
C:\Users\WENHUA~1\AppData\Local\Temp\ccDazW27.s:338    .text.HAL_UART_MspDeInit:00000000 $t
C:\Users\WENHUA~1\AppData\Local\Temp\ccDazW27.s:345    .text.HAL_UART_MspDeInit:00000000 HAL_UART_MspDeInit
C:\Users\WENHUA~1\AppData\Local\Temp\ccDazW27.s:406    .text.HAL_UART_MspDeInit:00000038 $d
C:\Users\WENHUA~1\AppData\Local\Temp\ccDazW27.s:413    .text.__io_putchar:00000000 $t
C:\Users\WENHUA~1\AppData\Local\Temp\ccDazW27.s:420    .text.__io_putchar:00000000 __io_putchar
C:\Users\WENHUA~1\AppData\Local\Temp\ccDazW27.s:458    .text.__io_putchar:0000001c $d
C:\Users\WENHUA~1\AppData\Local\Temp\ccDazW27.s:463    .text.Usart1SendData_DMA:00000000 $t
C:\Users\WENHUA~1\AppData\Local\Temp\ccDazW27.s:470    .text.Usart1SendData_DMA:00000000 Usart1SendData_DMA
C:\Users\WENHUA~1\AppData\Local\Temp\ccDazW27.s:522    .text.Usart1SendData_DMA:00000020 $d
C:\Users\WENHUA~1\AppData\Local\Temp\ccDazW27.s:528    .text.HAL_UART_TxCpltCallback:00000000 $t
C:\Users\WENHUA~1\AppData\Local\Temp\ccDazW27.s:535    .text.HAL_UART_TxCpltCallback:00000000 HAL_UART_TxCpltCallback
C:\Users\WENHUA~1\AppData\Local\Temp\ccDazW27.s:578    .text.HAL_UART_TxCpltCallback:00000024 $d
C:\Users\WENHUA~1\AppData\Local\Temp\ccDazW27.s:584    .text.UsartReceive_IDLE:00000000 $t
C:\Users\WENHUA~1\AppData\Local\Temp\ccDazW27.s:591    .text.UsartReceive_IDLE:00000000 UsartReceive_IDLE
C:\Users\WENHUA~1\AppData\Local\Temp\ccDazW27.s:705    .text.UsartReceive_IDLE:00000054 $d
C:\Users\WENHUA~1\AppData\Local\Temp\ccDazW27.s:733    .bss.hdma_usart1_tx:00000000 hdma_usart1_tx
C:\Users\WENHUA~1\AppData\Local\Temp\ccDazW27.s:726    .bss.hdma_usart1_rx:00000000 hdma_usart1_rx
C:\Users\WENHUA~1\AppData\Local\Temp\ccDazW27.s:740    .bss.huart1:00000000 huart1
C:\Users\WENHUA~1\AppData\Local\Temp\ccDazW27.s:719    .bss.UsartType1:00000000 UsartType1
C:\Users\WENHUA~1\AppData\Local\Temp\ccDazW27.s:715    .bss.UsartType1:00000000 $d
C:\Users\WENHUA~1\AppData\Local\Temp\ccDazW27.s:722    .bss.hdma_usart1_rx:00000000 $d
C:\Users\WENHUA~1\AppData\Local\Temp\ccDazW27.s:729    .bss.hdma_usart1_tx:00000000 $d
C:\Users\WENHUA~1\AppData\Local\Temp\ccDazW27.s:736    .bss.huart1:00000000 $d

UNDEFINED SYMBOLS
HAL_UART_Init
Error_Handler
HAL_GPIO_Init
HAL_DMA_Init
HAL_GPIO_DeInit
HAL_DMA_DeInit
HAL_NVIC_DisableIRQ
HAL_UART_Transmit
HAL_UART_Transmit_DMA
HAL_UART_DMAStop
HAL_UART_Receive_DMA
