make.exe all --print-data-base --no-builtin-variables --no-builtin-rules --question
# GNU Make 4.2.1
# Built for x86_64-w64-mingw32
# Copyright (C) 1988-2016 Free Software Foundation, Inc.
# License GPLv3+: GNU GPL version 3 or later <http://gnu.org/licenses/gpl.html>
# This is free software: you are free to change and redistribute it.
# There is NO WARRANTY, to the extent permitted by law.

# Make data base, printed on Sat May 14 15:36:05 2022

# Variables

# 'override' directive
GNUMAKEFLAGS := 
# automatic
<D = $(patsubst %/,%,$(patsubst %\,%,$(dir $<)))
# automatic
?F = $(notdir $?)
# default
.SHELLFLAGS := -c
# makefile (from 'Makefile', line 182)
LDSCRIPT = STM32F103C8Tx_FLASH.ld
# makefile
MAKEFLAGS = pqrR
# environment
VSCODE_LOG_NATIVE = false
# makefile (from 'Makefile', line 16)
TARGET = CLOCK_STM32F103C8T6_WIFI
# automatic
?D = $(patsubst %/,%,$(patsubst %\,%,$(dir $?)))
# makefile (from 'Makefile', line 136)
AS_DEFS = 
# makefile (from 'Makefile', line 145)
AS_INCLUDES = 
# automatic
@D = $(patsubst %/,%,$(patsubst %\,%,$(dir $@)))
# environment
HOMEDRIVE = C:
# automatic
@F = $(notdir $@)
# automatic
^D = $(patsubst %/,%,$(patsubst %\,%,$(dir $^)))
# makefile
CURDIR := d:/src/LED32X64_WIFI_CLOCK
# default
SHELL := sh.exe
# makefile (from 'Makefile', line 117)
BIN = $(CP) -O binary -S
# environment
WINDIR = C:\WINDOWS
# environment
VSCODE_NLS_CONFIG = {"locale":"zh-cn","availableLanguages":{"*":"zh-cn"},"_languagePackId":"42e84e0914b17800d483f69e299e1b00.zh-cn","_translationsConfigFile":"C:\\Users\\wenhuafeng\\AppData\\Roaming\\Code\\clp\\42e84e0914b17800d483f69e299e1b00.zh-cn\\tcf.json","_cacheRoot":"C:\\Users\\wenhuafeng\\AppData\\Roaming\\Code\\clp\\42e84e0914b17800d483f69e299e1b00.zh-cn","_resolvedLanguagePackCoreLocation":"C:\\Users\\wenhuafeng\\AppData\\Roaming\\Code\\clp\\42e84e0914b17800d483f69e299e1b00.zh-cn\\da15b6fd3ef856477bf6f4fb29ba1b7af717770d","_corruptedFile":"C:\\Use 
rs\\wenhuafeng\\AppData\\Roaming\\Code\\clp\\42e84e0914b17800d483f69e299e1b00.zh-cn\\corrupted.info","_languagePackSupport":true}
# makefile (from 'Makefile', line 114)
SZ = $(PREFIX)size
# environment
VBOX_MSI_INSTALL_PATH = D:\Program Files\Oracle\VirtualBox\
# makefile (from 'Makefile', line 175)
CFLAGS = $(MCU) $(C_DEFS) $(C_INCLUDES) $(OPT) -Wall -fdata-sections -ffunction-sections -g -gdwarf-2 -MMD -MP -MF"$(@:%.o=%.d)"
# environment
ONEDRIVE = C:\Users\wenhuafeng\OneDrive
# environment
PATHEXT = .COM;.EXE;.BAT;.CMD;.VBS;.VBE;.JS;.JSE;.WSF;.WSH;.MSC;.PY;.PYW
# makefile (from 'Makefile', line 1)
MAKEFILE_LIST :=  Makefile
# environment
FPS_BROWSER_USER_PROFILE_STRING = Default
# makefile (from 'Makefile', line 113)
CP = $(PREFIX)objcopy
# makefile (from 'Makefile', line 23)
DEBUG = 1
# environment
TMP = C:\Users\WENHUA~1\AppData\Local\Temp
# environment
VSCODE_VERBOSE_LOGGING = true
# makefile (from 'Makefile', line 112)
AS = $(PREFIX)gcc -x assembler-with-cpp
# environment
PROGRAMW6432 = C:\Program Files
# environment
PROGRAMDATA = C:\ProgramData
# environment
VSCODE_IPC_HOOK_EXTHOST = \\.\pipe\vscode-ipc-c2a467fa-3b66-40ac-9fd2-2735e8903032-sock
# environment
VSCODE_CWD = D:\Program Files\Microsoft VS Code
# default
MAKE_HOST := x86_64-w64-mingw32
# environment
PATH = D:\Program Files\Python\Python310\Scripts\;D:\Program Files\Python\Python310\;D:\Program Files (x86)\STMicroelectronics\st_toolset\asm;C:\Program Files (x86)\Common Files\Oracle\Java\javapath;C:\WINDOWS\system32;C:\WINDOWS;C:\WINDOWS\System32\Wbem;C:\WINDOWS\System32\WindowsPowerShell\v1.0\;C:\WINDOWS\System32\OpenSSH\;D:\Program Files\PuTTY\;D:\Program Files\Git\cmd;D:\Program Files\CMake\bin;D:\Program Files\OpenOCD-20211118-0.11.0\bin;D:\Program Files\TortoiseGit\bin;D:\Program Files (x86)\Nordic Semiconductor\nrf-command-line-tools\bin\;D:\Program Files\mingw-w64\x86_64-8.1.0-win32-seh-rt_v6-rev0\mingw64\bin;C:\Program Files (x86)\stlink\bin;C:\Program Files\stlink\bin;D:\Program Files\Python\Python310;D:\Espressif\python_env\idf4.4_py3.8_env\Scripts;D:\Program Files\cloc;D:\Keil_v5\UV4;D:\Program Files (x86)\GNU Arm Embedded Toolchain\10 2021.10\bin;C:\Users\wenhuafeng\AppData\Local\Microsoft\WindowsApps;D:\Program Files\Microsoft VS Code\bin
# environment
COMMONPROGRAMW6432 = C:\Program Files\Common Files
# environment
PROCESSOR_ARCHITECTURE = AMD64
# environment
USERPROFILE = C:\Users\wenhuafeng
# environment
ALLUSERSPROFILE = C:\ProgramData
# environment
VSCODE_LOG_STACK = false
# environment
NUMBER_OF_PROCESSORS = 12
# environment
ELECTRON_RUN_AS_NODE = 1
# makefile (from 'Makefile', line 187)
LDFLAGS = $(MCU) -specs=nano.specs -T$(LDSCRIPT) $(LIBDIR) $(LIBS) -Wl,-Map=$(BUILD_DIR)/$(TARGET).map,--cref -Wl,--gc-sections
# default
.FEATURES := target-specific order-only second-expansion else-if shortest-stem undefine oneshell archives jobserver output-sync
# automatic
%F = $(notdir $%)
# environment
CHROME_CRASHPAD_PIPE_NAME = \\.\pipe\crashpad_10016_IPLJUPBEPPCQUBGT
# makefile (from 'Makefile', line 95)
ASM_SOURCES = startup_stm32f103xb.s
# makefile (from 'Makefile', line 25)
OPT = -O3
# environment
VSCODE_PIPE_LOGGING = true
# environment
COMPUTERNAME = LAPTOP-PRAVS7GT
# environment
PROGRAMFILES = C:\Program Files
# default
.LOADED := 
# environment
DRIVERDATA = C:\Windows\System32\Drivers\DriverData
# environment
ORIGINAL_XDG_CURRENT_DESKTOP = undefined
# environment
USERNAME = wenhuafeng
# environment
PUBLIC = C:\Users\Public
# environment
VSCODE_AMD_ENTRYPOINT = vs/workbench/api/node/extensionHostProcess
# environment
VSCODE_CODE_CACHE_PATH = C:\Users\wenhuafeng\AppData\Roaming\Code\CachedData\da15b6fd3ef856477bf6f4fb29ba1b7af717770d
# environment
APPLICATION_INSIGHTS_NO_DIAGNOSTIC_CHANNEL = true
# environment
COMMONPROGRAMFILES = C:\Program Files\Common Files
# environment
LOGONSERVER = \\LAPTOP-PRAVS7GT
# makefile (from 'Makefile', line 102)
PREFIX = arm-none-eabi-
# environment
ONEDRIVECONSUMER = C:\Users\wenhuafeng\OneDrive
# environment
VSCODE_HANDLES_UNCAUGHT_ERRORS = true
# environment
USERDOMAIN = LAPTOP-PRAVS7GT
# makefile (from 'Makefile', line 139)
C_DEFS = -DUSE_HAL_DRIVER -DSTM32F103xB
# environment
MAKELEVEL := 0
# makefile (from 'Makefile', line 132)
MCU = $(CPU) -mthumb $(FPU) $(FLOAT-ABI)
# makefile (from 'Makefile', line 148)
C_INCLUDES = -ICore/Inc -IDrivers/STM32F1xx_HAL_Driver/Inc -IDrivers/STM32F1xx_HAL_Driver/Inc/Legacy -IDrivers/CMSIS/Device/ST/STM32F1xx/Include -IDrivers/CMSIS/Include -IMiddlewares/Third_Party/FreeRTOS/Source/include -IMiddlewares/Third_Party/FreeRTOS/Source/CMSIS_RTOS_V2 -IMiddlewares/Third_Party/FreeRTOS/Source/portable/GCC/ARM_CM3 -Iuser/common -Iuser/display -Iuser/temp_humi -Iuser/time -Iuser/trace -Iuser/wifi
# default
MAKE = $(MAKE_COMMAND)
# default
MAKECMDGOALS := all
# makefile (from 'Makefile', line 116)
HEX = $(CP) -O ihex
# makefile (from 'Makefile', line 111)
CC = $(PREFIX)gcc
# makefile (from 'Makefile', line 32)
BUILD_DIR = build
# makefile (from 'Makefile', line 165)
ASFLAGS = $(MCU) $(AS_DEFS) $(AS_INCLUDES) $(OPT) -Wall -fdata-sections -ffunction-sections
# default
MAKE_VERSION := 4.2.1
# makefile
.DEFAULT_GOAL := all
# environment
PROGRAMFILES(X86) = C:\Program Files (x86)
# automatic
%D = $(patsubst %/,%,$(patsubst %\,%,$(dir $%)))
# makefile (from 'Makefile', line 123)
CPU = -mcpu=cortex-m3
# environment
LOCALAPPDATA = C:\Users\wenhuafeng\AppData\Local
# environment
PSMODULEPATH = C:\Program Files\WindowsPowerShell\Modules;C:\WINDOWS\system32\WindowsPowerShell\v1.0\Modules
# default
MAKE_COMMAND := make.exe
# makefile (from 'Makefile', line 186)
LIBDIR = 
# default
.VARIABLES := 
# automatic
*F = $(notdir $*)
# environment
PROCESSOR_IDENTIFIER = AMD64 Family 23 Model 96 Stepping 1, AuthenticAMD
# environment
OS = Windows_NT
# environment
VSCODE_IPC_HOOK = \\.\pipe\d0f9ff90f2b0f15191b4ed40651aea96-1.67.1-main-sock
# environment
HOMEPATH = \Users\wenhuafeng
# environment
COMMONPROGRAMFILES(X86) = C:\Program Files (x86)\Common Files
# environment
PROMPT = $P$G
# environment
MFLAGS = -pqrR
# automatic
*D = $(patsubst %/,%,$(patsubst %\,%,$(dir $*)))
# environment
SYSTEMROOT = C:\WINDOWS
# automatic
+D = $(patsubst %/,%,$(patsubst %\,%,$(dir $+)))
# automatic
+F = $(notdir $+)
# environment
APPDATA = C:\Users\wenhuafeng\AppData\Roaming
# environment
TEMP = C:\Users\WENHUA~1\AppData\Local\Temp
# environment
COMSPEC = C:\WINDOWS\system32\cmd.exe
# default
MAKEFILES := 
# environment
IDF_TOOLS_PATH = D:\Espressif
# automatic
<F = $(notdir $<)
# environment
LC_ALL = C
# makefile (from 'Makefile', line 185)
LIBS = -lc -lm -lnosys
# automatic
^F = $(notdir $^)
# makefile (from 'Makefile', line 38)
C_SOURCES = Core/Src/main.c Core/Src/gpio.c Core/Src/i2c.c Core/Src/rtc.c Core/Src/tim.c Core/Src/stm32f1xx_it.c Core/Src/stm32f1xx_hal_msp.c Core/Src/usart.c Core/Src/dma.c Core/Src/system_stm32f1xx.c Core/Src/freertos.c Core/Src/stm32f1xx_hal_timebase_tim.c Drivers/STM32F1xx_HAL_Driver/Src/stm32f1xx_hal_gpio_ex.c Drivers/STM32F1xx_HAL_Driver/Src/stm32f1xx_hal_i2c.c Drivers/STM32F1xx_HAL_Driver/Src/stm32f1xx_hal.c Drivers/STM32F1xx_HAL_Driver/Src/stm32f1xx_hal_rcc.c Drivers/STM32F1xx_HAL_Driver/Src/stm32f1xx_hal_rcc_ex.c Drivers/STM32F1xx_HAL_Driver/Src/stm32f1xx_hal_gpio.c Drivers/STM32F1xx_HAL_Driver/Src/stm32f1xx_hal_dma.c Drivers/STM32F1xx_HAL_Driver/Src/stm32f1xx_hal_cortex.c Drivers/STM32F1xx_HAL_Driver/Src/stm32f1xx_hal_pwr.c Drivers/STM32F1xx_HAL_Driver/Src/stm32f1xx_hal_flash.c Drivers/STM32F1xx_HAL_Driver/Src/stm32f1xx_hal_flash_ex.c Drivers/STM32F1xx_HAL_Driver/Src/stm32f1xx_hal_exti.c Drivers/STM32F1xx_HAL_Driver/Src/stm32f1xx_hal_rtc.c Drivers/STM32F1xx_HAL_Driver/Src/stm32f1xx_hal_rtc_ex.c Drivers/STM32F1xx_HAL_Driver/Src/stm32f1xx_hal_tim.c Drivers/STM32F1xx_HAL_Driver/Src/stm32f1xx_hal_tim_ex.c Drivers/STM32F1xx_HAL_Driver/Src/stm32f1xx_hal_uart.c Middlewares/Third_Party/FreeRTOS/Source/croutine.c Middlewares/Third_Party/FreeRTOS/Source/event_groups.c Middlewares/Third_Party/FreeRTOS/Source/list.c Middlewares/Third_Party/FreeRTOS/Source/queue.c Middlewares/Third_Party/FreeRTOS/Source/stream_buffer.c Middlewares/Third_Party/FreeRTOS/Source/tasks.c Middlewares/Third_Party/FreeRTOS/Source/timers.c Middlewares/Third_Party/FreeRTOS/Source/CMSIS_RTOS_V2/cmsis_os2.c Middlewares/Third_Party/FreeRTOS/Source/portable/MemMang/heap_4.c Middlewares/Third_Party/FreeRTOS/Source/portable/GCC/ARM_CM3/port.c user/common/common.c user/display/display_scan_task.c user/display/display_task.c user/display/hub75d.c user/temp_humi/htu21d_hw.c user/temp_humi/htu21d_iic_sw.c user/temp_humi/htu21d_sw.c user/temp_humi/temp_humi_task.c user/time/lunar_calendar.c user/time/time_run.c user/time/time_stamp.c user/trace/trace.c user/wifi/esp8266_at.c user/wifi/wifi_task.c user/wifi/wifi_uart_if.c
# default
SUFFIXES := 
# environment
SYSTEMDRIVE = C:
# environment
SESSIONNAME = Console
# environment
PROCESSOR_REVISION = 6001
# default
.RECIPEPREFIX := 
# makefile (from 'Makefile', line 200)
OBJECTS = $(addprefix $(BUILD_DIR)/,$(notdir $(C_SOURCES:.c=.o))) $(addprefix $(BUILD_DIR)/,$(notdir $(ASM_SOURCES:.s=.o)))
# environment
LANG = C
# environment
PROCESSOR_LEVEL = 23
# environment
FPS_BROWSER_APP_PROFILE_STRING = Internet Explorer
# environment
VSCODE_PID = 10016
# environment
USERDOMAIN_ROAMINGPROFILE = LAPTOP-PRAVS7GT
# variable set hash-table stats:
# Load=121/1024=12%, Rehash=0, Collisions=18/180=10%

# Pattern-specific Variable Values

# No pattern-specific variable values.

# Directories

# user/trace (key d:/src/LED32X64_WIFI_CLOCK/user/trace, mtime 1651447464): 4 files, no impossibilities.
# . (key d:/src/LED32X64_WIFI_CLOCK, mtime 1652105006): 21 files, no impossibilities.
# build: could not be stat'd.
# Middlewares/Third_Party/FreeRTOS/Source (key d:/src/LED32X64_WIFI_CLOCK/Middlewares/Third_Party/FreeRTOS/Source, mtime 1651447464): No files, no impossibilities so far.
# user/common (key d:/src/LED32X64_WIFI_CLOCK/user/common, mtime 1651447464): No files, no impossibilities so far.
# Middlewares/Third_Party/FreeRTOS/Source/CMSIS_RTOS_V2 (key d:/src/LED32X64_WIFI_CLOCK/Middlewares/Third_Party/FreeRTOS/Source/CMSIS_RTOS_V2, mtime 1651447463): No files, no impossibilities so far.
# user/time (key d:/src/LED32X64_WIFI_CLOCK/user/time, mtime 1651447464): 8 files, no impossibilities.
# user/display (key d:/src/LED32X64_WIFI_CLOCK/user/display, mtime 1651447464): No files, no impossibilities so far.
# Middlewares/Third_Party/FreeRTOS/Source/portable/MemMang (key d:/src/LED32X64_WIFI_CLOCK/Middlewares/Third_Party/FreeRTOS/Source/portable/MemMang, mtime 1651447464): No files, no impossibilities so far.
# Core/Src (key d:/src/LED32X64_WIFI_CLOCK/Core/Src, mtime 1651447463): 7 files, no impossibilities so far.
# Middlewares/Third_Party/FreeRTOS/Source/portable/GCC/ARM_CM3 (key d:/src/LED32X64_WIFI_CLOCK/Middlewares/Third_Party/FreeRTOS/Source/portable/GCC/ARM_CM3, mtime 1651447464): No files, no impossibilities so far.
# user/wifi (key d:/src/LED32X64_WIFI_CLOCK/user/wifi, mtime 1651447464): 8 files, no impossibilities.
# user/temp_humi (key d:/src/LED32X64_WIFI_CLOCK/user/temp_humi, mtime 1651447464): No files, no impossibilities so far.
# Drivers/STM32F1xx_HAL_Driver/Src (key d:/src/LED32X64_WIFI_CLOCK/Drivers/STM32F1xx_HAL_Driver/Src, mtime 1651403077): No files, no impossibilities so far.

# 48 files, no impossibilities in 14 directories.

# Implicit Rules

build/%.o: %.c Makefile | build
#  recipe to execute (from 'Makefile', line 204):
	$(CC) -c $(CFLAGS) -Wa,-a,-ad,-alms=$(BUILD_DIR)/$(notdir $(<:.c=.lst)) $< -o $@

build/%.o: %.s Makefile | build
#  recipe to execute (from 'Makefile', line 207):
	$(AS) -c $(CFLAGS) $< -o $@

build/%.hex: build/%.elf | build
#  recipe to execute (from 'Makefile', line 214):
	$(HEX) $< $@

build/%.bin: build/%.elf | build
#  recipe to execute (from 'Makefile', line 217):
	$(BIN) $< $@

# 4 implicit rules, 0 (0.0%) terminal.

# Files

# Not a target:
build/display_scan_task.o:
#  Implicit rule search has not been done.
#  Modification time never checked.
#  File has not been updated.

# Not a target:
build/stm32f1xx_hal_msp.o:
#  Implicit rule search has not been done.
#  Modification time never checked.
#  File has not been updated.

build/main.o: Core/Src/main.c Makefile | build
#  Implicit rule search has been done.
#  Implicit/static pattern stem: 'main'
#  File does not exist.
#  File has been updated.
#  Needs to be updated (-q is set).
# variable set hash-table stats:
# Load=0/32=0%, Rehash=0, Collisions=0/3=0%
#  recipe to execute (from 'Makefile', line 204):
	$(CC) -c $(CFLAGS) -Wa,-a,-ad,-alms=$(BUILD_DIR)/$(notdir $(<:.c=.lst)) $< -o $@

# Not a target:
build/stm32f1xx_hal_gpio.o:
#  Implicit rule search has not been done.
#  Modification time never checked.
#  File has not been updated.

# Not a target:
build/CLOCK_STM32F103C8T6_WIFI.hex:
#  Implicit rule search has not been done.
#  Modification time never checked.
#  File has not been updated.

# Not a target:
build/tim.o:
#  Implicit rule search has not been done.
#  Modification time never checked.
#  File has not been updated.

# Not a target:
build/stm32f1xx_hal.o:
#  Implicit rule search has not been done.
#  Modification time never checked.
#  File has not been updated.

all: build/CLOCK_STM32F103C8T6_WIFI.elf build/CLOCK_STM32F103C8T6_WIFI.hex build/CLOCK_STM32F103C8T6_WIFI.bin
#  Command line target.
#  Implicit rule search has been done.
#  File does not exist.
#  File has been updated.
#  Needs to be updated (-q is set).
# variable set hash-table stats:
# Load=0/32=0%, Rehash=0, Collisions=0/3=0%

# Not a target:
build/usart.o:
#  Implicit rule search has not been done.
#  Modification time never checked.
#  File has not been updated.

# Not a target:
build/heap_4.o:
#  Implicit rule search has not been done.
#  Modification time never checked.
#  File has not been updated.

# Not a target:
build/stm32f1xx_hal_rcc.o:
#  Implicit rule search has not been done.
#  Modification time never checked.
#  File has not been updated.

# Not a target:
build/esp8266_at.o:
#  Implicit rule search has not been done.
#  Modification time never checked.
#  File has not been updated.

# Not a target:
build/stm32f1xx_hal_rtc.o:
#  Implicit rule search has not been done.
#  Modification time never checked.
#  File has not been updated.

# Not a target:
build/stm32f1xx_hal_exti.o:
#  Implicit rule search has not been done.
#  Modification time never checked.
#  File has not been updated.

# Not a target:
build/startup_stm32f103xb.o:
#  Implicit rule search has not been done.
#  Modification time never checked.
#  File has not been updated.

# Not a target:
build/display_task.o:
#  Implicit rule search has not been done.
#  Modification time never checked.
#  File has not been updated.

# Not a target:
build/cmsis_os2.o:
#  Implicit rule search has not been done.
#  Modification time never checked.
#  File has not been updated.

# Not a target:
build/rtc.o:
#  Implicit rule search has not been done.
#  Modification time never checked.
#  File has not been updated.

build/CLOCK_STM32F103C8T6_WIFI.elf: build/main.o build/gpio.o build/i2c.o build/rtc.o build/tim.o build/stm32f1xx_it.o build/stm32f1xx_hal_msp.o build/usart.o build/dma.o build/system_stm32f1xx.o build/freertos.o build/stm32f1xx_hal_timebase_tim.o build/stm32f1xx_hal_gpio_ex.o build/stm32f1xx_hal_i2c.o build/stm32f1xx_hal.o build/stm32f1xx_hal_rcc.o build/stm32f1xx_hal_rcc_ex.o build/stm32f1xx_hal_gpio.o build/stm32f1xx_hal_dma.o build/stm32f1xx_hal_cortex.o build/stm32f1xx_hal_pwr.o build/stm32f1xx_hal_flash.o build/stm32f1xx_hal_flash_ex.o build/stm32f1xx_hal_exti.o build/stm32f1xx_hal_rtc.o build/stm32f1xx_hal_rtc_ex.o build/stm32f1xx_hal_tim.o build/stm32f1xx_hal_tim_ex.o build/stm32f1xx_hal_uart.o build/croutine.o build/event_groups.o build/list.o build/queue.o build/stream_buffer.o build/tasks.o build/timers.o build/cmsis_os2.o build/heap_4.o build/port.o build/common.o build/display_scan_task.o build/display_task.o build/hub75d.o build/htu21d_hw.o build/htu21d_iic_sw.o build/htu21d_sw.o build/temp_humi_task.o build/lunar_calendar.o build/time_run.o build/time_stamp.o build/trace.o build/esp8266_at.o build/wifi_task.o build/wifi_uart_if.o build/startup_stm32f103xb.o Makefile
#  Implicit rule search has not been done.
#  File does not exist.
#  File has been updated.
#  Needs to be updated (-q is set).
# variable set hash-table stats:
# Load=0/32=0%, Rehash=0, Collisions=0/3=0%
#  recipe to execute (from 'Makefile', line 210):
	$(CC) $(OBJECTS) $(LDFLAGS) -o $@
	$(SZ) $@

# Not a target:
.SUFFIXES:
#  Implicit rule search has not been done.
#  Modification time never checked.
#  File has not been updated.

# Not a target:
Makefile:
#  Implicit rule search has been done.
#  Last modified 2022-05-02 07:24:23
#  File has been updated.
#  Successfully updated.

# Not a target:
build/event_groups.o:
#  Implicit rule search has not been done.
#  Modification time never checked.
#  File has not been updated.

# Not a target:
build/stm32f1xx_it.o:
#  Implicit rule search has not been done.
#  Modification time never checked.
#  File has not been updated.

# Not a target:
build/stm32f1xx_hal_gpio_ex.o:
#  Implicit rule search has not been done.
#  Modification time never checked.
#  File has not been updated.

# Not a target:
build/dma.o:
#  Implicit rule search has not been done.
#  Modification time never checked.
#  File has not been updated.

# Not a target:
build/gpio.o:
#  Implicit rule search has not been done.
#  Modification time never checked.
#  File has not been updated.

build:
#  Implicit rule search has not been done.
#  Implicit/static pattern stem: ''
#  File does not exist.
#  File has been updated.
#  Needs to be updated (-q is set).
# automatic
# @ := build
# automatic
# % := 
# automatic
# * := 
# automatic
# + := 
# automatic
# | := 
# automatic
# < := 
# automatic
# ^ := 
# automatic
# ? := 
# variable set hash-table stats:
# Load=8/32=25%, Rehash=0, Collisions=1/12=8%
#  recipe to execute (from 'Makefile', line 220):
	mkdir $@

# Not a target:
build/stm32f1xx_hal_rcc_ex.o:
#  Implicit rule search has not been done.
#  Modification time never checked.
#  File has not been updated.

# Not a target:
build/time_stamp.o:
#  Implicit rule search has not been done.
#  Modification time never checked.
#  File has not been updated.

# Not a target:
build/stm32f1xx_hal_rtc_ex.o:
#  Implicit rule search has not been done.
#  Modification time never checked.
#  File has not been updated.

# Not a target:
build/stm32f1xx_hal_i2c.o:
#  Implicit rule search has not been done.
#  Modification time never checked.
#  File has not been updated.

# Not a target:
build/stm32f1xx_hal_timebase_tim.o:
#  Implicit rule search has not been done.
#  Modification time never checked.
#  File has not been updated.

# Not a target:
build/htu21d_hw.o:
#  Implicit rule search has not been done.
#  Modification time never checked.
#  File has not been updated.

# Not a target:
build/time_run.o:
#  Implicit rule search has not been done.
#  Modification time never checked.
#  File has not been updated.

# Not a target:
build/stream_buffer.o:
#  Implicit rule search has not been done.
#  Modification time never checked.
#  File has not been updated.

# Not a target:
build/queue.o:
#  Implicit rule search has not been done.
#  Modification time never checked.
#  File has not been updated.

# Not a target:
build/freertos.o:
#  Implicit rule search has not been done.
#  Modification time never checked.
#  File has not been updated.

# Not a target:
build/stm32f1xx_hal_uart.o:
#  Implicit rule search has not been done.
#  Modification time never checked.
#  File has not been updated.

# Not a target:
build/stm32f1xx_hal_flash.o:
#  Implicit rule search has not been done.
#  Modification time never checked.
#  File has not been updated.

# Not a target:
build/stm32f1xx_hal_tim.o:
#  Implicit rule search has not been done.
#  Modification time never checked.
#  File has not been updated.

# Not a target:
.DEFAULT:
#  Implicit rule search has not been done.
#  Modification time never checked.
#  File has not been updated.

# Not a target:
build/hub75d.o:
#  Implicit rule search has not been done.
#  Modification time never checked.
#  File has not been updated.

# Not a target:
build/htu21d_iic_sw.o:
#  Implicit rule search has not been done.
#  Modification time never checked.
#  File has not been updated.

# Not a target:
build/port.o:
#  Implicit rule search has not been done.
#  Modification time never checked.
#  File has not been updated.

# Not a target:
build/trace.o:
#  Implicit rule search has not been done.
#  Modification time never checked.
#  File has not been updated.

# Not a target:
build/CLOCK_STM32F103C8T6_WIFI.bin:
#  Implicit rule search has not been done.
#  Modification time never checked.
#  File has not been updated.

# Not a target:
build/stm32f1xx_hal_pwr.o:
#  Implicit rule search has not been done.
#  Modification time never checked.
#  File has not been updated.

# Not a target:
build/i2c.o:
#  Implicit rule search has not been done.
#  Modification time never checked.
#  File has not been updated.

clean:
#  Implicit rule search has not been done.
#  Modification time never checked.
#  File has not been updated.
#  recipe to execute (from 'Makefile', line 226):
	-rm -fR $(BUILD_DIR)

# Not a target:
build/wifi_uart_if.o:
#  Implicit rule search has not been done.
#  Modification time never checked.
#  File has not been updated.

# Not a target:
build/common.o:
#  Implicit rule search has not been done.
#  Modification time never checked.
#  File has not been updated.

# Not a target:
Core/Src/main.c:
#  Implicit rule search has been done.
#  Last modified 2022-05-02 07:24:23
#  File has been updated.
#  Successfully updated.

# Not a target:
build/system_stm32f1xx.o:
#  Implicit rule search has not been done.
#  Modification time never checked.
#  File has not been updated.

# Not a target:
build/wifi_task.o:
#  Implicit rule search has not been done.
#  Modification time never checked.
#  File has not been updated.

# Not a target:
build/list.o:
#  Implicit rule search has not been done.
#  Modification time never checked.
#  File has not been updated.

# Not a target:
build/timers.o:
#  Implicit rule search has not been done.
#  Modification time never checked.
#  File has not been updated.

# Not a target:
build/temp_humi_task.o:
#  Implicit rule search has not been done.
#  Modification time never checked.
#  File has not been updated.

# Not a target:
build/htu21d_sw.o:
#  Implicit rule search has not been done.
#  Modification time never checked.
#  File has not been updated.

# Not a target:
build/stm32f1xx_hal_dma.o:
#  Implicit rule search has not been done.
#  Modification time never checked.
#  File has not been updated.

# Not a target:
build/stm32f1xx_hal_tim_ex.o:
#  Implicit rule search has not been done.
#  Modification time never checked.
#  File has not been updated.

# Not a target:
build/croutine.o:
#  Implicit rule search has not been done.
#  Modification time never checked.
#  File has not been updated.

# Not a target:
build/tasks.o:
#  Implicit rule search has not been done.
#  Modification time never checked.
#  File has not been updated.

# Not a target:
build/lunar_calendar.o:
#  Implicit rule search has not been done.
#  Modification time never checked.
#  File has not been updated.

# Not a target:
build/stm32f1xx_hal_cortex.o:
#  Implicit rule search has not been done.
#  Modification time never checked.
#  File has not been updated.

# Not a target:
build/stm32f1xx_hal_flash_ex.o:
#  Implicit rule search has not been done.
#  Modification time never checked.
#  File has not been updated.

# files hash-table stats:
# Load=65/1024=6%, Rehash=0, Collisions=6/150=4%
# VPATH Search Paths

vpath %.c Core/Src;Drivers/STM32F1xx_HAL_Driver/Src;Middlewares/Third_Party/FreeRTOS/Source;Middlewares/Third_Party/FreeRTOS/Source/CMSIS_RTOS_V2;Middlewares/Third_Party/FreeRTOS/Source/portable/GCC/ARM_CM3;Middlewares/Third_Party/FreeRTOS/Source/portable/MemMang;user/common;user/display;user/temp_humi;user/time;user/trace;user/wifi

# 1 'vpath' search paths.

# No general ('VPATH' variable) search path.

# strcache buffers: 1 (0) / strings = 123 / storage = 2215 B / avg = 18 B
# current buf: size = 8162 B / used = 2215 B / count = 123 / avg = 18 B

# strcache performance: lookups = 171 / hit rate = 28%
# hash-table stats:
# Load=123/8192=2%, Rehash=0, Collisions=7/171=4%
# Finished Make data base on Sat May 14 15:36:05 2022

 
